{"C:\\Users\\shayn\\Desktop\\Resume\\Projects\\vector-image-draw\\src\\components\\AppColorPicker.vue": {"path":"C:\\Users\\shayn\\Desktop\\Resume\\Projects\\vector-image-draw\\src\\components\\AppColorPicker.vue","statementMap":{"0":{"start":{"line":25,"column":0},"end":{"line":25,"column":null}},"1":{"start":{"line":30,"column":0},"end":{"line":30,"column":null}},"2":{"start":{"line":36,"column":0},"end":{"line":36,"column":null}}},"fnMap":{"0":{"name":"data","decl":{"start":{"line":29,"column":0},"end":{"line":29,"column":null}},"loc":{"start":{"line":29,"column":0},"end":{"line":33,"column":null}}},"1":{"name":"styleColorInput","decl":{"start":{"line":35,"column":0},"end":{"line":35,"column":null}},"loc":{"start":{"line":35,"column":0},"end":{"line":40,"column":null}}}},"branchMap":{},"s":{"0":0,"1":0,"2":0},"f":{"0":0,"1":0},"b":{}}
,"C:\\Users\\shayn\\Desktop\\Resume\\Projects\\vector-image-draw\\src\\components\\CanvasDimensionsInput.vue": {"path":"C:\\Users\\shayn\\Desktop\\Resume\\Projects\\vector-image-draw\\src\\components\\CanvasDimensionsInput.vue","statementMap":{"0":{"start":{"line":15,"column":0},"end":{"line":15,"column":null}},"1":{"start":{"line":20,"column":0},"end":{"line":20,"column":null}}},"fnMap":{"0":{"name":"data","decl":{"start":{"line":19,"column":0},"end":{"line":19,"column":null}},"loc":{"start":{"line":19,"column":0},"end":{"line":23,"column":null}}}},"branchMap":{},"s":{"0":0,"1":0},"f":{"0":0},"b":{}}
,"C:\\Users\\shayn\\Desktop\\Resume\\Projects\\vector-image-draw\\src\\components\\EditorController.vue": {"path":"C:\\Users\\shayn\\Desktop\\Resume\\Projects\\vector-image-draw\\src\\components\\EditorController.vue","statementMap":{"0":{"start":{"line":38,"column":0},"end":{"line":38,"column":null}},"1":{"start":{"line":39,"column":0},"end":{"line":39,"column":null}},"2":{"start":{"line":40,"column":0},"end":{"line":40,"column":null}},"3":{"start":{"line":41,"column":0},"end":{"line":41,"column":null}},"4":{"start":{"line":43,"column":0},"end":{"line":43,"column":null}},"5":{"start":{"line":44,"column":0},"end":{"line":44,"column":null}},"6":{"start":{"line":53,"column":0},"end":{"line":53,"column":null}},"7":{"start":{"line":54,"column":0},"end":{"line":61,"column":null}},"8":{"start":{"line":55,"column":0},"end":{"line":57,"column":null}},"9":{"start":{"line":56,"column":0},"end":{"line":56,"column":null}},"10":{"start":{"line":58,"column":0},"end":{"line":60,"column":null}},"11":{"start":{"line":59,"column":0},"end":{"line":59,"column":null}},"12":{"start":{"line":64,"column":0},"end":{"line":64,"column":null}},"13":{"start":{"line":72,"column":0},"end":{"line":72,"column":null}},"14":{"start":{"line":73,"column":0},"end":{"line":73,"column":null}},"15":{"start":{"line":76,"column":0},"end":{"line":76,"column":null}},"16":{"start":{"line":79,"column":0},"end":{"line":79,"column":null}},"17":{"start":{"line":80,"column":0},"end":{"line":80,"column":null}},"18":{"start":{"line":83,"column":0},"end":{"line":83,"column":null}},"19":{"start":{"line":86,"column":0},"end":{"line":86,"column":null}},"20":{"start":{"line":91,"column":0},"end":{"line":96,"column":null}},"21":{"start":{"line":92,"column":0},"end":{"line":92,"column":null}},"22":{"start":{"line":97,"column":0},"end":{"line":97,"column":null}},"23":{"start":{"line":98,"column":0},"end":{"line":98,"column":null}}},"fnMap":{"0":{"name":"mounted","decl":{"start":{"line":53,"column":0},"end":{"line":53,"column":null}},"loc":{"start":{"line":53,"column":0},"end":{"line":62,"column":null}}},"1":{"name":"(anonymous_2)","decl":{"start":{"line":54,"column":0},"end":{"line":54,"column":null}},"loc":{"start":{"line":54,"column":0},"end":{"line":61,"column":null}}},"2":{"name":"data","decl":{"start":{"line":63,"column":0},"end":{"line":63,"column":null}},"loc":{"start":{"line":63,"column":0},"end":{"line":69,"column":null}}},"3":{"name":"handleShapeComplete","decl":{"start":{"line":71,"column":0},"end":{"line":71,"column":null}},"loc":{"start":{"line":71,"column":0},"end":{"line":74,"column":null}}},"4":{"name":"handleListItemClick","decl":{"start":{"line":75,"column":0},"end":{"line":75,"column":null}},"loc":{"start":{"line":75,"column":0},"end":{"line":77,"column":null}}},"5":{"name":"handleDeleteClicked","decl":{"start":{"line":78,"column":0},"end":{"line":78,"column":null}},"loc":{"start":{"line":78,"column":0},"end":{"line":81,"column":null}}},"6":{"name":"handleVisibilityClicked","decl":{"start":{"line":82,"column":0},"end":{"line":82,"column":null}},"loc":{"start":{"line":82,"column":0},"end":{"line":84,"column":null}}},"7":{"name":"handleLockClicked","decl":{"start":{"line":85,"column":0},"end":{"line":85,"column":null}},"loc":{"start":{"line":85,"column":0},"end":{"line":87,"column":null}}},"8":{"name":"checkForHoveredShape","decl":{"start":{"line":88,"column":0},"end":{"line":88,"column":null}},"loc":{"start":{"line":88,"column":0},"end":{"line":99,"column":null}}},"9":{"name":"(anonymous_10)","decl":{"start":{"line":91,"column":0},"end":{"line":91,"column":null}},"loc":{"start":{"line":91,"column":0},"end":{"line":96,"column":null}}}},"branchMap":{"0":{"loc":{"start":{"line":55,"column":0},"end":{"line":57,"column":null}},"type":"if","locations":[{"start":{"line":55,"column":0},"end":{"line":57,"column":null}},{"start":{"line":55,"column":0},"end":{"line":57,"column":null}}]},"1":{"loc":{"start":{"line":55,"column":0},"end":{"line":55,"column":null}},"type":"binary-expr","locations":[{"start":{"line":55,"column":0},"end":{"line":55,"column":null}},{"start":{"line":55,"column":0},"end":{"line":55,"column":null}}]},"2":{"loc":{"start":{"line":58,"column":0},"end":{"line":60,"column":null}},"type":"if","locations":[{"start":{"line":58,"column":0},"end":{"line":60,"column":null}},{"start":{"line":58,"column":0},"end":{"line":60,"column":null}}]},"3":{"loc":{"start":{"line":58,"column":0},"end":{"line":58,"column":null}},"type":"binary-expr","locations":[{"start":{"line":58,"column":0},"end":{"line":58,"column":null}},{"start":{"line":58,"column":0},"end":{"line":58,"column":null}}]}},"s":{"0":0,"1":0,"2":0,"3":0,"4":0,"5":0,"6":0,"7":0,"8":0,"9":0,"10":0,"11":0,"12":0,"13":0,"14":0,"15":0,"16":0,"17":0,"18":0,"19":0,"20":0,"21":0,"22":0,"23":0},"f":{"0":0,"1":0,"2":0,"3":0,"4":0,"5":0,"6":0,"7":0,"8":0,"9":0},"b":{"0":[0,0],"1":[0,0],"2":[0,0],"3":[0,0]}}
,"C:\\Users\\shayn\\Desktop\\Resume\\Projects\\vector-image-draw\\src\\components\\SVGBoundingBox.vue": {"path":"C:\\Users\\shayn\\Desktop\\Resume\\Projects\\vector-image-draw\\src\\components\\SVGBoundingBox.vue","statementMap":{"0":{"start":{"line":37,"column":0},"end":{"line":37,"column":null}}},"fnMap":{"0":{"name":"GetBoundingBox","decl":{"start":{"line":36,"column":0},"end":{"line":36,"column":null}},"loc":{"start":{"line":36,"column":0},"end":{"line":38,"column":null}}}},"branchMap":{},"s":{"0":0},"f":{"0":0},"b":{}}
,"C:\\Users\\shayn\\Desktop\\Resume\\Projects\\vector-image-draw\\src\\components\\SVGCanvas.vue": {"path":"C:\\Users\\shayn\\Desktop\\Resume\\Projects\\vector-image-draw\\src\\components\\SVGCanvas.vue","statementMap":{"0":{"start":{"line":14,"column":0},"end":{"line":14,"column":null}},"1":{"start":{"line":28,"column":0},"end":{"line":28,"column":null}}},"fnMap":{"0":{"name":"_default","decl":{"start":{"line":27,"column":0},"end":{"line":27,"column":null}},"loc":{"start":{"line":27,"column":0},"end":{"line":29,"column":null}}}},"branchMap":{},"s":{"0":1,"1":1},"f":{"0":1},"b":{}}
,"C:\\Users\\shayn\\Desktop\\Resume\\Projects\\vector-image-draw\\src\\components\\SVGDynamicShape.vue": {"path":"C:\\Users\\shayn\\Desktop\\Resume\\Projects\\vector-image-draw\\src\\components\\SVGDynamicShape.vue","statementMap":{"0":{"start":{"line":78,"column":0},"end":{"line":81,"column":null}},"1":{"start":{"line":80,"column":0},"end":{"line":80,"column":null}}},"fnMap":{"0":{"name":"PointsArrToString","decl":{"start":{"line":77,"column":0},"end":{"line":77,"column":null}},"loc":{"start":{"line":77,"column":0},"end":{"line":83,"column":null}}},"1":{"name":"(anonymous_2)","decl":{"start":{"line":78,"column":0},"end":{"line":78,"column":null}},"loc":{"start":{"line":78,"column":0},"end":{"line":81,"column":null}}}},"branchMap":{},"s":{"0":0,"1":0},"f":{"0":0,"1":0},"b":{}}
,"C:\\Users\\shayn\\Desktop\\Resume\\Projects\\vector-image-draw\\src\\components\\ShapeList.vue": {"path":"C:\\Users\\shayn\\Desktop\\Resume\\Projects\\vector-image-draw\\src\\components\\ShapeList.vue","statementMap":{"0":{"start":{"line":50,"column":0},"end":{"line":50,"column":null}},"1":{"start":{"line":51,"column":0},"end":{"line":51,"column":null}},"2":{"start":{"line":52,"column":0},"end":{"line":52,"column":null}},"3":{"start":{"line":64,"column":0},"end":{"line":64,"column":null}},"4":{"start":{"line":70,"column":0},"end":{"line":70,"column":null}},"5":{"start":{"line":73,"column":0},"end":{"line":73,"column":null}},"6":{"start":{"line":76,"column":0},"end":{"line":76,"column":null}},"7":{"start":{"line":79,"column":0},"end":{"line":79,"column":null}},"8":{"start":{"line":82,"column":0},"end":{"line":82,"column":null}}},"fnMap":{"0":{"name":"_default","decl":{"start":{"line":63,"column":0},"end":{"line":63,"column":null}},"loc":{"start":{"line":63,"column":0},"end":{"line":65,"column":null}}},"1":{"name":"isSelected","decl":{"start":{"line":69,"column":0},"end":{"line":69,"column":null}},"loc":{"start":{"line":69,"column":0},"end":{"line":71,"column":null}}},"2":{"name":"handleItemClicked","decl":{"start":{"line":72,"column":0},"end":{"line":72,"column":null}},"loc":{"start":{"line":72,"column":0},"end":{"line":74,"column":null}}},"3":{"name":"handleDeleteClicked","decl":{"start":{"line":75,"column":0},"end":{"line":75,"column":null}},"loc":{"start":{"line":75,"column":0},"end":{"line":77,"column":null}}},"4":{"name":"handleVisibilityClicked","decl":{"start":{"line":78,"column":0},"end":{"line":78,"column":null}},"loc":{"start":{"line":78,"column":0},"end":{"line":80,"column":null}}},"5":{"name":"handleLockClicked","decl":{"start":{"line":81,"column":0},"end":{"line":81,"column":null}},"loc":{"start":{"line":81,"column":0},"end":{"line":83,"column":null}}}},"branchMap":{},"s":{"0":0,"1":0,"2":0,"3":0,"4":0,"5":0,"6":0,"7":0,"8":0},"f":{"0":0,"1":0,"2":0,"3":0,"4":0,"5":0},"b":{}}
,"C:\\Users\\shayn\\Desktop\\Resume\\Projects\\vector-image-draw\\src\\components\\ToolsButtonGroup.vue": {"path":"C:\\Users\\shayn\\Desktop\\Resume\\Projects\\vector-image-draw\\src\\components\\ToolsButtonGroup.vue","statementMap":{"0":{"start":{"line":40,"column":0},"end":{"line":40,"column":null}},"1":{"start":{"line":45,"column":0},"end":{"line":45,"column":null}}},"fnMap":{"0":{"name":"data","decl":{"start":{"line":44,"column":0},"end":{"line":44,"column":null}},"loc":{"start":{"line":44,"column":0},"end":{"line":48,"column":null}}}},"branchMap":{},"s":{"0":0,"1":0},"f":{"0":0},"b":{}}
,"C:\\Users\\shayn\\Desktop\\Resume\\Projects\\vector-image-draw\\src\\components\\tools\\EllipseTool.vue": {"path":"C:\\Users\\shayn\\Desktop\\Resume\\Projects\\vector-image-draw\\src\\components\\tools\\EllipseTool.vue","statementMap":{"0":{"start":{"line":12,"column":0},"end":{"line":12,"column":null}},"1":{"start":{"line":13,"column":0},"end":{"line":13,"column":null}},"2":{"start":{"line":22,"column":0},"end":{"line":22,"column":null}},"3":{"start":{"line":29,"column":0},"end":{"line":29,"column":null}},"4":{"start":{"line":48,"column":0},"end":{"line":48,"column":null}},"5":{"start":{"line":50,"column":0},"end":{"line":53,"column":null}},"6":{"start":{"line":51,"column":0},"end":{"line":51,"column":null}},"7":{"start":{"line":52,"column":0},"end":{"line":52,"column":null}},"8":{"start":{"line":55,"column":0},"end":{"line":55,"column":null}},"9":{"start":{"line":56,"column":0},"end":{"line":56,"column":null}},"10":{"start":{"line":60,"column":0},"end":{"line":60,"column":null}},"11":{"start":{"line":62,"column":0},"end":{"line":62,"column":null}},"12":{"start":{"line":66,"column":0},"end":{"line":71,"column":null}},"13":{"start":{"line":68,"column":0},"end":{"line":68,"column":null}},"14":{"start":{"line":69,"column":0},"end":{"line":69,"column":null}},"15":{"start":{"line":70,"column":0},"end":{"line":70,"column":null}}},"fnMap":{"0":{"name":"data","decl":{"start":{"line":21,"column":0},"end":{"line":21,"column":null}},"loc":{"start":{"line":21,"column":0},"end":{"line":26,"column":null}}},"1":{"name":"createStartingEllipse","decl":{"start":{"line":28,"column":0},"end":{"line":28,"column":null}},"loc":{"start":{"line":28,"column":0},"end":{"line":46,"column":null}}},"2":{"name":"handlePan","decl":{"start":{"line":47,"column":0},"end":{"line":47,"column":null}},"loc":{"start":{"line":47,"column":0},"end":{"line":72,"column":null}}}},"branchMap":{"0":{"loc":{"start":{"line":50,"column":0},"end":{"line":53,"column":null}},"type":"if","locations":[{"start":{"line":50,"column":0},"end":{"line":53,"column":null}},{"start":{"line":50,"column":0},"end":{"line":53,"column":null}}]},"1":{"loc":{"start":{"line":66,"column":0},"end":{"line":71,"column":null}},"type":"if","locations":[{"start":{"line":66,"column":0},"end":{"line":71,"column":null}},{"start":{"line":66,"column":0},"end":{"line":71,"column":null}}]}},"s":{"0":0,"1":0,"2":0,"3":0,"4":0,"5":0,"6":0,"7":0,"8":0,"9":0,"10":0,"11":0,"12":0,"13":0,"14":0,"15":0},"f":{"0":0,"1":0,"2":0},"b":{"0":[0,0],"1":[0,0]}}
,"C:\\Users\\shayn\\Desktop\\Resume\\Projects\\vector-image-draw\\src\\components\\tools\\LineTool.vue": {"path":"C:\\Users\\shayn\\Desktop\\Resume\\Projects\\vector-image-draw\\src\\components\\tools\\LineTool.vue","statementMap":{"0":{"start":{"line":8,"column":0},"end":{"line":8,"column":null}},"1":{"start":{"line":9,"column":0},"end":{"line":9,"column":null}},"2":{"start":{"line":18,"column":0},"end":{"line":18,"column":null}},"3":{"start":{"line":24,"column":0},"end":{"line":24,"column":null}},"4":{"start":{"line":36,"column":0},"end":{"line":36,"column":null}},"5":{"start":{"line":40,"column":0},"end":{"line":40,"column":null}},"6":{"start":{"line":42,"column":0},"end":{"line":48,"column":null}},"7":{"start":{"line":43,"column":0},"end":{"line":43,"column":null}},"8":{"start":{"line":46,"column":0},"end":{"line":46,"column":null}},"9":{"start":{"line":47,"column":0},"end":{"line":47,"column":null}},"10":{"start":{"line":50,"column":0},"end":{"line":50,"column":null}},"11":{"start":{"line":51,"column":0},"end":{"line":51,"column":null}},"12":{"start":{"line":53,"column":0},"end":{"line":56,"column":null}},"13":{"start":{"line":54,"column":0},"end":{"line":54,"column":null}},"14":{"start":{"line":55,"column":0},"end":{"line":55,"column":null}}},"fnMap":{"0":{"name":"data","decl":{"start":{"line":17,"column":0},"end":{"line":17,"column":null}},"loc":{"start":{"line":17,"column":0},"end":{"line":21,"column":null}}},"1":{"name":"createStartingLine","decl":{"start":{"line":23,"column":0},"end":{"line":23,"column":null}},"loc":{"start":{"line":23,"column":0},"end":{"line":37,"column":null}}},"2":{"name":"handlePan","decl":{"start":{"line":39,"column":0},"end":{"line":39,"column":null}},"loc":{"start":{"line":39,"column":0},"end":{"line":57,"column":null}}}},"branchMap":{"0":{"loc":{"start":{"line":42,"column":0},"end":{"line":48,"column":null}},"type":"if","locations":[{"start":{"line":42,"column":0},"end":{"line":48,"column":null}},{"start":{"line":42,"column":0},"end":{"line":48,"column":null}}]},"1":{"loc":{"start":{"line":53,"column":0},"end":{"line":56,"column":null}},"type":"if","locations":[{"start":{"line":53,"column":0},"end":{"line":56,"column":null}},{"start":{"line":53,"column":0},"end":{"line":56,"column":null}}]}},"s":{"0":0,"1":0,"2":0,"3":0,"4":0,"5":0,"6":0,"7":0,"8":0,"9":0,"10":0,"11":0,"12":0,"13":0,"14":0},"f":{"0":0,"1":0,"2":0},"b":{"0":[0,0],"1":[0,0]}}
,"C:\\Users\\shayn\\Desktop\\Resume\\Projects\\vector-image-draw\\src\\components\\tools\\MoveTool.vue": {"path":"C:\\Users\\shayn\\Desktop\\Resume\\Projects\\vector-image-draw\\src\\components\\tools\\MoveTool.vue","statementMap":{"0":{"start":{"line":14,"column":0},"end":{"line":14,"column":null}},"1":{"start":{"line":15,"column":0},"end":{"line":15,"column":null}},"2":{"start":{"line":16,"column":0},"end":{"line":16,"column":null}},"3":{"start":{"line":17,"column":0},"end":{"line":17,"column":null}},"4":{"start":{"line":18,"column":0},"end":{"line":18,"column":null}},"5":{"start":{"line":26,"column":0},"end":{"line":26,"column":null}},"6":{"start":{"line":32,"column":0},"end":{"line":32,"column":null}},"7":{"start":{"line":33,"column":0},"end":{"line":37,"column":null}},"8":{"start":{"line":34,"column":0},"end":{"line":36,"column":null}},"9":{"start":{"line":35,"column":0},"end":{"line":35,"column":null}},"10":{"start":{"line":41,"column":0},"end":{"line":60,"column":null}},"11":{"start":{"line":42,"column":0},"end":{"line":42,"column":null}},"12":{"start":{"line":48,"column":0},"end":{"line":60,"column":null}},"13":{"start":{"line":49,"column":0},"end":{"line":49,"column":null}},"14":{"start":{"line":50,"column":0},"end":{"line":52,"column":null}},"15":{"start":{"line":51,"column":0},"end":{"line":51,"column":null}},"16":{"start":{"line":53,"column":0},"end":{"line":53,"column":null}},"17":{"start":{"line":57,"column":0},"end":{"line":57,"column":null}},"18":{"start":{"line":63,"column":0},"end":{"line":72,"column":null}},"19":{"start":{"line":64,"column":0},"end":{"line":64,"column":null}},"20":{"start":{"line":65,"column":0},"end":{"line":65,"column":null}},"21":{"start":{"line":66,"column":0},"end":{"line":66,"column":null}},"22":{"start":{"line":67,"column":0},"end":{"line":67,"column":null}},"23":{"start":{"line":68,"column":0},"end":{"line":72,"column":null}},"24":{"start":{"line":69,"column":0},"end":{"line":69,"column":null}},"25":{"start":{"line":71,"column":0},"end":{"line":71,"column":null}},"26":{"start":{"line":75,"column":0},"end":{"line":82,"column":null}},"27":{"start":{"line":76,"column":0},"end":{"line":76,"column":null}},"28":{"start":{"line":80,"column":0},"end":{"line":80,"column":null}},"29":{"start":{"line":85,"column":0},"end":{"line":85,"column":null}},"30":{"start":{"line":86,"column":0},"end":{"line":86,"column":null}},"31":{"start":{"line":90,"column":0},"end":{"line":93,"column":null}},"32":{"start":{"line":91,"column":0},"end":{"line":91,"column":null}},"33":{"start":{"line":92,"column":0},"end":{"line":92,"column":null}},"34":{"start":{"line":94,"column":0},"end":{"line":94,"column":null}},"35":{"start":{"line":95,"column":0},"end":{"line":95,"column":null}},"36":{"start":{"line":100,"column":0},"end":{"line":100,"column":null}},"37":{"start":{"line":109,"column":0},"end":{"line":118,"column":null}},"38":{"start":{"line":110,"column":0},"end":{"line":112,"column":null}},"39":{"start":{"line":114,"column":0},"end":{"line":116,"column":null}},"40":{"start":{"line":115,"column":0},"end":{"line":115,"column":null}},"41":{"start":{"line":117,"column":0},"end":{"line":117,"column":null}},"42":{"start":{"line":119,"column":0},"end":{"line":121,"column":null}},"43":{"start":{"line":120,"column":0},"end":{"line":120,"column":null}},"44":{"start":{"line":122,"column":0},"end":{"line":122,"column":null}},"45":{"start":{"line":127,"column":0},"end":{"line":140,"column":null}},"46":{"start":{"line":130,"column":0},"end":{"line":130,"column":null}},"47":{"start":{"line":131,"column":0},"end":{"line":134,"column":null}},"48":{"start":{"line":139,"column":0},"end":{"line":139,"column":null}}},"fnMap":{"0":{"name":"data","decl":{"start":{"line":25,"column":0},"end":{"line":25,"column":null}},"loc":{"start":{"line":25,"column":0},"end":{"line":30,"column":null}}},"1":{"name":"mounted","decl":{"start":{"line":32,"column":0},"end":{"line":32,"column":null}},"loc":{"start":{"line":32,"column":0},"end":{"line":38,"column":null}}},"2":{"name":"(anonymous_3)","decl":{"start":{"line":33,"column":0},"end":{"line":33,"column":null}},"loc":{"start":{"line":33,"column":0},"end":{"line":37,"column":null}}},"3":{"name":"getShapePositionSnapshot","decl":{"start":{"line":40,"column":0},"end":{"line":40,"column":null}},"loc":{"start":{"line":40,"column":0},"end":{"line":61,"column":null}}},"4":{"name":"(anonymous_5)","decl":{"start":{"line":50,"column":0},"end":{"line":50,"column":null}},"loc":{"start":{"line":50,"column":0},"end":{"line":52,"column":null}}},"5":{"name":"restoreShapePosition","decl":{"start":{"line":62,"column":0},"end":{"line":62,"column":null}},"loc":{"start":{"line":62,"column":0},"end":{"line":73,"column":null}}},"6":{"name":"removeSelectedShape","decl":{"start":{"line":74,"column":0},"end":{"line":74,"column":null}},"loc":{"start":{"line":74,"column":0},"end":{"line":83,"column":null}}},"7":{"name":"handleMouseDown","decl":{"start":{"line":84,"column":0},"end":{"line":84,"column":null}},"loc":{"start":{"line":84,"column":0},"end":{"line":98,"column":null}}},"8":{"name":"handlePan","decl":{"start":{"line":99,"column":0},"end":{"line":99,"column":null}},"loc":{"start":{"line":99,"column":0},"end":{"line":141,"column":null}}}},"branchMap":{"0":{"loc":{"start":{"line":34,"column":0},"end":{"line":36,"column":null}},"type":"if","locations":[{"start":{"line":34,"column":0},"end":{"line":36,"column":null}},{"start":{"line":34,"column":0},"end":{"line":36,"column":null}}]},"1":{"loc":{"start":{"line":41,"column":0},"end":{"line":60,"column":null}},"type":"if","locations":[{"start":{"line":41,"column":0},"end":{"line":60,"column":null}},{"start":{"line":41,"column":0},"end":{"line":60,"column":null}}]},"2":{"loc":{"start":{"line":48,"column":0},"end":{"line":60,"column":null}},"type":"if","locations":[{"start":{"line":48,"column":0},"end":{"line":60,"column":null}},{"start":{"line":48,"column":0},"end":{"line":60,"column":null}}]},"3":{"loc":{"start":{"line":63,"column":0},"end":{"line":72,"column":null}},"type":"if","locations":[{"start":{"line":63,"column":0},"end":{"line":72,"column":null}},{"start":{"line":63,"column":0},"end":{"line":72,"column":null}}]},"4":{"loc":{"start":{"line":68,"column":0},"end":{"line":72,"column":null}},"type":"if","locations":[{"start":{"line":68,"column":0},"end":{"line":72,"column":null}},{"start":{"line":68,"column":0},"end":{"line":72,"column":null}}]},"5":{"loc":{"start":{"line":75,"column":0},"end":{"line":82,"column":null}},"type":"if","locations":[{"start":{"line":75,"column":0},"end":{"line":82,"column":null}},{"start":{"line":75,"column":0},"end":{"line":82,"column":null}}]},"6":{"loc":{"start":{"line":90,"column":0},"end":{"line":93,"column":null}},"type":"if","locations":[{"start":{"line":90,"column":0},"end":{"line":93,"column":null}},{"start":{"line":90,"column":0},"end":{"line":93,"column":null}}]},"7":{"loc":{"start":{"line":109,"column":0},"end":{"line":118,"column":null}},"type":"if","locations":[{"start":{"line":109,"column":0},"end":{"line":118,"column":null}},{"start":{"line":109,"column":0},"end":{"line":118,"column":null}}]},"8":{"loc":{"start":{"line":114,"column":0},"end":{"line":116,"column":null}},"type":"if","locations":[{"start":{"line":114,"column":0},"end":{"line":116,"column":null}},{"start":{"line":114,"column":0},"end":{"line":116,"column":null}}]},"9":{"loc":{"start":{"line":119,"column":0},"end":{"line":121,"column":null}},"type":"if","locations":[{"start":{"line":119,"column":0},"end":{"line":121,"column":null}},{"start":{"line":119,"column":0},"end":{"line":121,"column":null}}]},"10":{"loc":{"start":{"line":127,"column":0},"end":{"line":140,"column":null}},"type":"if","locations":[{"start":{"line":127,"column":0},"end":{"line":140,"column":null}},{"start":{"line":127,"column":0},"end":{"line":140,"column":null}}]}},"s":{"0":0,"1":0,"2":0,"3":0,"4":0,"5":0,"6":0,"7":0,"8":0,"9":0,"10":0,"11":0,"12":0,"13":0,"14":0,"15":0,"16":0,"17":0,"18":0,"19":0,"20":0,"21":0,"22":0,"23":0,"24":0,"25":0,"26":0,"27":0,"28":0,"29":0,"30":0,"31":0,"32":0,"33":0,"34":0,"35":0,"36":0,"37":0,"38":0,"39":0,"40":0,"41":0,"42":0,"43":0,"44":0,"45":0,"46":0,"47":0,"48":0},"f":{"0":0,"1":0,"2":0,"3":0,"4":0,"5":0,"6":0,"7":0,"8":0},"b":{"0":[0,0],"1":[0,0],"2":[0,0],"3":[0,0],"4":[0,0],"5":[0,0],"6":[0,0],"7":[0,0],"8":[0,0],"9":[0,0],"10":[0,0]}}
,"C:\\Users\\shayn\\Desktop\\Resume\\Projects\\vector-image-draw\\src\\components\\tools\\PolygonTool.vue": {"path":"C:\\Users\\shayn\\Desktop\\Resume\\Projects\\vector-image-draw\\src\\components\\tools\\PolygonTool.vue","statementMap":{"0":{"start":{"line":30,"column":0},"end":{"line":30,"column":null}},"1":{"start":{"line":36,"column":0},"end":{"line":36,"column":null}},"2":{"start":{"line":42,"column":0},"end":{"line":42,"column":null}},"3":{"start":{"line":52,"column":0},"end":{"line":52,"column":null}},"4":{"start":{"line":56,"column":0},"end":{"line":56,"column":null}},"5":{"start":{"line":57,"column":0},"end":{"line":68,"column":null}},"6":{"start":{"line":57,"column":0},"end":{"line":57,"column":null}},"7":{"start":{"line":60,"column":0},"end":{"line":62,"column":null}},"8":{"start":{"line":61,"column":0},"end":{"line":61,"column":null}},"9":{"start":{"line":64,"column":0},"end":{"line":64,"column":null}},"10":{"start":{"line":69,"column":0},"end":{"line":69,"column":null}},"11":{"start":{"line":72,"column":0},"end":{"line":72,"column":null}},"12":{"start":{"line":78,"column":0},"end":{"line":78,"column":null}},"13":{"start":{"line":81,"column":0},"end":{"line":81,"column":null}},"14":{"start":{"line":83,"column":0},"end":{"line":95,"column":null}},"15":{"start":{"line":90,"column":0},"end":{"line":93,"column":null}},"16":{"start":{"line":91,"column":0},"end":{"line":91,"column":null}},"17":{"start":{"line":92,"column":0},"end":{"line":92,"column":null}},"18":{"start":{"line":94,"column":0},"end":{"line":94,"column":null}},"19":{"start":{"line":97,"column":0},"end":{"line":97,"column":null}},"20":{"start":{"line":98,"column":0},"end":{"line":98,"column":null}},"21":{"start":{"line":100,"column":0},"end":{"line":115,"column":null}},"22":{"start":{"line":103,"column":0},"end":{"line":103,"column":null}},"23":{"start":{"line":104,"column":0},"end":{"line":114,"column":null}},"24":{"start":{"line":109,"column":0},"end":{"line":109,"column":null}},"25":{"start":{"line":110,"column":0},"end":{"line":110,"column":null}},"26":{"start":{"line":112,"column":0},"end":{"line":112,"column":null}},"27":{"start":{"line":113,"column":0},"end":{"line":113,"column":null}}},"fnMap":{"0":{"name":"data","decl":{"start":{"line":35,"column":0},"end":{"line":35,"column":null}},"loc":{"start":{"line":35,"column":0},"end":{"line":39,"column":null}}},"1":{"name":"createStartingPolygon","decl":{"start":{"line":41,"column":0},"end":{"line":41,"column":null}},"loc":{"start":{"line":41,"column":0},"end":{"line":53,"column":null}}},"2":{"name":"convertPointsToLines","decl":{"start":{"line":55,"column":0},"end":{"line":55,"column":null}},"loc":{"start":{"line":55,"column":0},"end":{"line":70,"column":null}}},"3":{"name":"IsPolygonInProgress","decl":{"start":{"line":71,"column":0},"end":{"line":71,"column":null}},"loc":{"start":{"line":71,"column":0},"end":{"line":76,"column":null}}},"4":{"name":"GetLastPoint","decl":{"start":{"line":77,"column":0},"end":{"line":77,"column":null}},"loc":{"start":{"line":77,"column":0},"end":{"line":79,"column":null}}},"5":{"name":"handlePan","decl":{"start":{"line":80,"column":0},"end":{"line":80,"column":null}},"loc":{"start":{"line":80,"column":0},"end":{"line":116,"column":null}}}},"branchMap":{"0":{"loc":{"start":{"line":60,"column":0},"end":{"line":62,"column":null}},"type":"if","locations":[{"start":{"line":60,"column":0},"end":{"line":62,"column":null}},{"start":{"line":60,"column":0},"end":{"line":62,"column":null}}]},"1":{"loc":{"start":{"line":72,"column":0},"end":{"line":72,"column":null}},"type":"binary-expr","locations":[{"start":{"line":72,"column":0},"end":{"line":72,"column":null}},{"start":{"line":72,"column":0},"end":{"line":72,"column":null}}]},"2":{"loc":{"start":{"line":83,"column":0},"end":{"line":95,"column":null}},"type":"if","locations":[{"start":{"line":83,"column":0},"end":{"line":95,"column":null}},{"start":{"line":83,"column":0},"end":{"line":95,"column":null}}]},"3":{"loc":{"start":{"line":90,"column":0},"end":{"line":93,"column":null}},"type":"if","locations":[{"start":{"line":90,"column":0},"end":{"line":93,"column":null}},{"start":{"line":90,"column":0},"end":{"line":93,"column":null}}]},"4":{"loc":{"start":{"line":100,"column":0},"end":{"line":115,"column":null}},"type":"if","locations":[{"start":{"line":100,"column":0},"end":{"line":115,"column":null}},{"start":{"line":100,"column":0},"end":{"line":115,"column":null}}]},"5":{"loc":{"start":{"line":104,"column":0},"end":{"line":114,"column":null}},"type":"if","locations":[{"start":{"line":104,"column":0},"end":{"line":114,"column":null}},{"start":{"line":104,"column":0},"end":{"line":114,"column":null}}]},"6":{"loc":{"start":{"line":104,"column":0},"end":{"line":104,"column":null}},"type":"binary-expr","locations":[{"start":{"line":104,"column":0},"end":{"line":104,"column":null}},{"start":{"line":104,"column":0},"end":{"line":104,"column":null}}]}},"s":{"0":0,"1":0,"2":0,"3":0,"4":0,"5":0,"6":0,"7":0,"8":0,"9":0,"10":0,"11":0,"12":0,"13":0,"14":0,"15":0,"16":0,"17":0,"18":0,"19":0,"20":0,"21":0,"22":0,"23":0,"24":0,"25":0,"26":0,"27":0},"f":{"0":0,"1":0,"2":0,"3":0,"4":0,"5":0},"b":{"0":[0,0],"1":[0,0],"2":[0,0],"3":[0,0],"4":[0,0],"5":[0,0],"6":[0,0]}}
,"C:\\Users\\shayn\\Desktop\\Resume\\Projects\\vector-image-draw\\src\\components\\tools\\RectangleTool.vue": {"path":"C:\\Users\\shayn\\Desktop\\Resume\\Projects\\vector-image-draw\\src\\components\\tools\\RectangleTool.vue","statementMap":{"0":{"start":{"line":12,"column":0},"end":{"line":12,"column":null}},"1":{"start":{"line":13,"column":0},"end":{"line":13,"column":null}},"2":{"start":{"line":22,"column":0},"end":{"line":22,"column":null}},"3":{"start":{"line":29,"column":0},"end":{"line":29,"column":null}},"4":{"start":{"line":46,"column":0},"end":{"line":46,"column":null}},"5":{"start":{"line":48,"column":0},"end":{"line":51,"column":null}},"6":{"start":{"line":49,"column":0},"end":{"line":49,"column":null}},"7":{"start":{"line":50,"column":0},"end":{"line":50,"column":null}},"8":{"start":{"line":53,"column":0},"end":{"line":53,"column":null}},"9":{"start":{"line":54,"column":0},"end":{"line":54,"column":null}},"10":{"start":{"line":57,"column":0},"end":{"line":57,"column":null}},"11":{"start":{"line":59,"column":0},"end":{"line":59,"column":null}},"12":{"start":{"line":62,"column":0},"end":{"line":66,"column":null}},"13":{"start":{"line":63,"column":0},"end":{"line":63,"column":null}},"14":{"start":{"line":64,"column":0},"end":{"line":64,"column":null}},"15":{"start":{"line":65,"column":0},"end":{"line":65,"column":null}}},"fnMap":{"0":{"name":"data","decl":{"start":{"line":21,"column":0},"end":{"line":21,"column":null}},"loc":{"start":{"line":21,"column":0},"end":{"line":26,"column":null}}},"1":{"name":"createStartingRectangle","decl":{"start":{"line":28,"column":0},"end":{"line":28,"column":null}},"loc":{"start":{"line":28,"column":0},"end":{"line":44,"column":null}}},"2":{"name":"handlePan","decl":{"start":{"line":45,"column":0},"end":{"line":45,"column":null}},"loc":{"start":{"line":45,"column":0},"end":{"line":67,"column":null}}}},"branchMap":{"0":{"loc":{"start":{"line":48,"column":0},"end":{"line":51,"column":null}},"type":"if","locations":[{"start":{"line":48,"column":0},"end":{"line":51,"column":null}},{"start":{"line":48,"column":0},"end":{"line":51,"column":null}}]},"1":{"loc":{"start":{"line":62,"column":0},"end":{"line":66,"column":null}},"type":"if","locations":[{"start":{"line":62,"column":0},"end":{"line":66,"column":null}},{"start":{"line":62,"column":0},"end":{"line":66,"column":null}}]}},"s":{"0":0,"1":0,"2":0,"3":0,"4":0,"5":0,"6":0,"7":0,"8":0,"9":0,"10":0,"11":0,"12":0,"13":0,"14":0,"15":0},"f":{"0":0,"1":0,"2":0},"b":{"0":[0,0],"1":[0,0]}}
,"C:\\Users\\shayn\\Desktop\\Resume\\Projects\\vector-image-draw\\src\\components\\tools\\ToolController.vue": {"path":"C:\\Users\\shayn\\Desktop\\Resume\\Projects\\vector-image-draw\\src\\components\\tools\\ToolController.vue","statementMap":{"0":{"start":{"line":50,"column":0},"end":{"line":50,"column":null}},"1":{"start":{"line":51,"column":0},"end":{"line":51,"column":null}},"2":{"start":{"line":52,"column":0},"end":{"line":52,"column":null}},"3":{"start":{"line":53,"column":0},"end":{"line":53,"column":null}},"4":{"start":{"line":54,"column":0},"end":{"line":54,"column":null}},"5":{"start":{"line":56,"column":0},"end":{"line":56,"column":null}},"6":{"start":{"line":68,"column":0},"end":{"line":68,"column":null}},"7":{"start":{"line":72,"column":0},"end":{"line":72,"column":null}}},"fnMap":{"0":{"name":"data","decl":{"start":{"line":67,"column":0},"end":{"line":67,"column":null}},"loc":{"start":{"line":67,"column":0},"end":{"line":69,"column":null}}},"1":{"name":"handleShapeComplete","decl":{"start":{"line":71,"column":0},"end":{"line":71,"column":null}},"loc":{"start":{"line":71,"column":0},"end":{"line":73,"column":null}}}},"branchMap":{},"s":{"0":0,"1":0,"2":0,"3":0,"4":0,"5":0,"6":0,"7":0},"f":{"0":0,"1":0},"b":{}}
,"C:\\Users\\shayn\\Desktop\\Resume\\Projects\\vector-image-draw\\src\\components\\tools\\ToolMixIn.js": {"path":"C:\\Users\\shayn\\Desktop\\Resume\\Projects\\vector-image-draw\\src\\components\\tools\\ToolMixIn.js","statementMap":{"0":{"start":{"line":3,"column":16},"end":{"line":41,"column":1}},"1":{"start":{"line":23,"column":28},"end":{"line":23,"column":71}},"2":{"start":{"line":24,"column":27},"end":{"line":24,"column":69}},"3":{"start":{"line":27,"column":12},"end":{"line":38,"column":13}},"4":{"start":{"line":28,"column":16},"end":{"line":31,"column":17}},"5":{"start":{"line":34,"column":16},"end":{"line":37,"column":17}}},"fnMap":{"0":{"name":"(anonymous_0)","decl":{"start":{"line":22,"column":32},"end":{"line":22,"column":33}},"loc":{"start":{"line":22,"column":48},"end":{"line":39,"column":9}},"line":22}},"branchMap":{"0":{"loc":{"start":{"line":27,"column":12},"end":{"line":38,"column":13}},"type":"if","locations":[{"start":{"line":27,"column":12},"end":{"line":38,"column":13}},{"start":{"line":27,"column":12},"end":{"line":38,"column":13}}],"line":27}},"s":{"0":0,"1":0,"2":0,"3":0,"4":0,"5":0},"f":{"0":0},"b":{"0":[0,0]},"hash":"3b787f5025549f5a26f7affaaae681fa8a2eeb78"}
,"C:\\Users\\shayn\\Desktop\\Resume\\Projects\\vector-image-draw\\src\\layouts\\MainLayout.vue": {"path":"C:\\Users\\shayn\\Desktop\\Resume\\Projects\\vector-image-draw\\src\\layouts\\MainLayout.vue","statementMap":{"0":{"start":{"line":26,"column":0},"end":{"line":26,"column":null}},"1":{"start":{"line":27,"column":0},"end":{"line":27,"column":null}},"2":{"start":{"line":28,"column":0},"end":{"line":28,"column":null}},"3":{"start":{"line":31,"column":0},"end":{"line":31,"column":null}},"4":{"start":{"line":32,"column":0},"end":{"line":32,"column":null}},"5":{"start":{"line":42,"column":0},"end":{"line":42,"column":null}},"6":{"start":{"line":49,"column":0},"end":{"line":49,"column":null}},"7":{"start":{"line":50,"column":0},"end":{"line":50,"column":null}},"8":{"start":{"line":54,"column":0},"end":{"line":54,"column":null}},"9":{"start":{"line":60,"column":0},"end":{"line":60,"column":null}},"10":{"start":{"line":61,"column":0},"end":{"line":61,"column":null}},"11":{"start":{"line":62,"column":0},"end":{"line":62,"column":null}},"12":{"start":{"line":63,"column":0},"end":{"line":63,"column":null}},"13":{"start":{"line":65,"column":0},"end":{"line":65,"column":null}},"14":{"start":{"line":68,"column":0},"end":{"line":68,"column":null}},"15":{"start":{"line":70,"column":0},"end":{"line":70,"column":null}},"16":{"start":{"line":71,"column":0},"end":{"line":71,"column":null}},"17":{"start":{"line":72,"column":0},"end":{"line":72,"column":null}},"18":{"start":{"line":73,"column":0},"end":{"line":73,"column":null}},"19":{"start":{"line":74,"column":0},"end":{"line":74,"column":null}},"20":{"start":{"line":75,"column":0},"end":{"line":75,"column":null}},"21":{"start":{"line":77,"column":0},"end":{"line":77,"column":null}},"22":{"start":{"line":78,"column":0},"end":{"line":78,"column":null}},"23":{"start":{"line":79,"column":0},"end":{"line":79,"column":null}},"24":{"start":{"line":81,"column":0},"end":{"line":90,"column":null}},"25":{"start":{"line":82,"column":0},"end":{"line":82,"column":null}},"26":{"start":{"line":83,"column":0},"end":{"line":83,"column":null}},"27":{"start":{"line":85,"column":0},"end":{"line":85,"column":null}},"28":{"start":{"line":89,"column":0},"end":{"line":89,"column":null}},"29":{"start":{"line":92,"column":0},"end":{"line":92,"column":null}}},"fnMap":{"0":{"name":"data","decl":{"start":{"line":41,"column":0},"end":{"line":41,"column":null}},"loc":{"start":{"line":41,"column":0},"end":{"line":46,"column":null}}},"1":{"name":"removeAllShapes","decl":{"start":{"line":48,"column":0},"end":{"line":48,"column":null}},"loc":{"start":{"line":48,"column":0},"end":{"line":51,"column":null}}},"2":{"name":"saveAsImg","decl":{"start":{"line":52,"column":0},"end":{"line":52,"column":null}},"loc":{"start":{"line":52,"column":0},"end":{"line":93,"column":null}}},"3":{"name":"triggerDownload","decl":{"start":{"line":53,"column":0},"end":{"line":53,"column":null}},"loc":{"start":{"line":53,"column":0},"end":{"line":66,"column":null}}},"4":{"name":"(anonymous_5)","decl":{"start":{"line":81,"column":0},"end":{"line":81,"column":null}},"loc":{"start":{"line":81,"column":0},"end":{"line":90,"column":null}}}},"branchMap":{"0":{"loc":{"start":{"line":75,"column":0},"end":{"line":75,"column":null}},"type":"binary-expr","locations":[{"start":{"line":75,"column":0},"end":{"line":75,"column":null}},{"start":{"line":75,"column":0},"end":{"line":75,"column":null}},{"start":{"line":75,"column":0},"end":{"line":75,"column":null}}]}},"s":{"0":0,"1":0,"2":0,"3":0,"4":0,"5":0,"6":0,"7":0,"8":0,"9":0,"10":0,"11":0,"12":0,"13":0,"14":0,"15":0,"16":0,"17":0,"18":0,"19":0,"20":0,"21":0,"22":0,"23":0,"24":0,"25":0,"26":0,"27":0,"28":0,"29":0},"f":{"0":0,"1":0,"2":0,"3":0,"4":0},"b":{"0":[0,0,0]}}
,"C:\\Users\\shayn\\Desktop\\Resume\\Projects\\vector-image-draw\\src\\models\\Editor.js": {"path":"C:\\Users\\shayn\\Desktop\\Resume\\Projects\\vector-image-draw\\src\\models\\Editor.js","statementMap":{"0":{"start":{"line":9,"column":8},"end":{"line":11,"column":9}},"1":{"start":{"line":10,"column":12},"end":{"line":10,"column":22}},"2":{"start":{"line":12,"column":8},"end":{"line":12,"column":34}},"3":{"start":{"line":14,"column":8},"end":{"line":14,"column":33}},"4":{"start":{"line":15,"column":8},"end":{"line":15,"column":26}},"5":{"start":{"line":16,"column":8},"end":{"line":16,"column":25}},"6":{"start":{"line":17,"column":8},"end":{"line":17,"column":26}},"7":{"start":{"line":20,"column":8},"end":{"line":20,"column":41}},"8":{"start":{"line":21,"column":8},"end":{"line":21,"column":38}},"9":{"start":{"line":22,"column":8},"end":{"line":22,"column":35}},"10":{"start":{"line":23,"column":8},"end":{"line":23,"column":31}},"11":{"start":{"line":24,"column":8},"end":{"line":24,"column":37}},"12":{"start":{"line":25,"column":8},"end":{"line":25,"column":33}},"13":{"start":{"line":28,"column":8},"end":{"line":28,"column":33}},"14":{"start":{"line":29,"column":8},"end":{"line":29,"column":38}},"15":{"start":{"line":31,"column":8},"end":{"line":35,"column":9}},"16":{"start":{"line":32,"column":12},"end":{"line":34,"column":15}},"17":{"start":{"line":33,"column":16},"end":{"line":33,"column":34}},"18":{"start":{"line":38,"column":8},"end":{"line":40,"column":9}},"19":{"start":{"line":39,"column":12},"end":{"line":39,"column":29}},"20":{"start":{"line":41,"column":8},"end":{"line":41,"column":69}},"21":{"start":{"line":41,"column":38},"end":{"line":41,"column":67}},"22":{"start":{"line":45,"column":8},"end":{"line":62,"column":9}},"23":{"start":{"line":47,"column":16},"end":{"line":47,"column":43}},"24":{"start":{"line":50,"column":16},"end":{"line":50,"column":40}},"25":{"start":{"line":53,"column":16},"end":{"line":53,"column":38}},"26":{"start":{"line":56,"column":16},"end":{"line":56,"column":40}},"27":{"start":{"line":59,"column":16},"end":{"line":59,"column":76}},"28":{"start":{"line":60,"column":16},"end":{"line":60,"column":45}},"29":{"start":{"line":66,"column":8},"end":{"line":66,"column":58}},"30":{"start":{"line":67,"column":22},"end":{"line":67,"column":49}},"31":{"start":{"line":68,"column":8},"end":{"line":68,"column":42}},"32":{"start":{"line":69,"column":8},"end":{"line":69,"column":44}},"33":{"start":{"line":70,"column":8},"end":{"line":70,"column":33}},"34":{"start":{"line":73,"column":8},"end":{"line":73,"column":40}},"35":{"start":{"line":74,"column":8},"end":{"line":74,"column":35}},"36":{"start":{"line":78,"column":8},"end":{"line":78,"column":93}},"37":{"start":{"line":79,"column":8},"end":{"line":79,"column":42}},"38":{"start":{"line":80,"column":8},"end":{"line":80,"column":35}},"39":{"start":{"line":84,"column":8},"end":{"line":93,"column":9}},"40":{"start":{"line":84,"column":21},"end":{"line":84,"column":22}},"41":{"start":{"line":85,"column":12},"end":{"line":92,"column":13}},"42":{"start":{"line":86,"column":16},"end":{"line":88,"column":17}},"43":{"start":{"line":87,"column":20},"end":{"line":87,"column":52}},"44":{"start":{"line":89,"column":16},"end":{"line":89,"column":56}},"45":{"start":{"line":90,"column":16},"end":{"line":90,"column":42}},"46":{"start":{"line":91,"column":16},"end":{"line":91,"column":23}},"47":{"start":{"line":106,"column":7},"end":{"line":108,"column":8}},"48":{"start":{"line":107,"column":11},"end":{"line":107,"column":24}},"49":{"start":{"line":109,"column":28},"end":{"line":109,"column":92}},"50":{"start":{"line":109,"column":54},"end":{"line":109,"column":81}},"51":{"start":{"line":111,"column":8},"end":{"line":113,"column":9}},"52":{"start":{"line":112,"column":12},"end":{"line":112,"column":68}},"53":{"start":{"line":112,"column":55},"end":{"line":112,"column":67}},"54":{"start":{"line":114,"column":8},"end":{"line":116,"column":9}},"55":{"start":{"line":115,"column":12},"end":{"line":115,"column":69}},"56":{"start":{"line":115,"column":55},"end":{"line":115,"column":67}},"57":{"start":{"line":117,"column":8},"end":{"line":117,"column":29}},"58":{"start":{"line":122,"column":8},"end":{"line":125,"column":9}},"59":{"start":{"line":123,"column":12},"end":{"line":123,"column":65}},"60":{"start":{"line":124,"column":12},"end":{"line":124,"column":39}},"61":{"start":{"line":128,"column":8},"end":{"line":131,"column":9}},"62":{"start":{"line":129,"column":12},"end":{"line":129,"column":39}},"63":{"start":{"line":130,"column":12},"end":{"line":130,"column":65}},"64":{"start":{"line":134,"column":8},"end":{"line":134,"column":41}},"65":{"start":{"line":135,"column":8},"end":{"line":135,"column":26}}},"fnMap":{"0":{"name":"(anonymous_0)","decl":{"start":{"line":8,"column":4},"end":{"line":8,"column":5}},"loc":{"start":{"line":8,"column":22},"end":{"line":36,"column":5}},"line":8},"1":{"name":"(anonymous_1)","decl":{"start":{"line":32,"column":33},"end":{"line":32,"column":34}},"loc":{"start":{"line":32,"column":46},"end":{"line":34,"column":13}},"line":32},"2":{"name":"(anonymous_2)","decl":{"start":{"line":37,"column":4},"end":{"line":37,"column":5}},"loc":{"start":{"line":37,"column":20},"end":{"line":42,"column":5}},"line":37},"3":{"name":"(anonymous_3)","decl":{"start":{"line":41,"column":33},"end":{"line":41,"column":34}},"loc":{"start":{"line":41,"column":38},"end":{"line":41,"column":67}},"line":41},"4":{"name":"(anonymous_4)","decl":{"start":{"line":44,"column":4},"end":{"line":44,"column":5}},"loc":{"start":{"line":44,"column":22},"end":{"line":63,"column":5}},"line":44},"5":{"name":"(anonymous_5)","decl":{"start":{"line":65,"column":4},"end":{"line":65,"column":5}},"loc":{"start":{"line":65,"column":41},"end":{"line":75,"column":5}},"line":65},"6":{"name":"(anonymous_6)","decl":{"start":{"line":77,"column":4},"end":{"line":77,"column":5}},"loc":{"start":{"line":77,"column":32},"end":{"line":81,"column":5}},"line":77},"7":{"name":"(anonymous_7)","decl":{"start":{"line":83,"column":4},"end":{"line":83,"column":5}},"loc":{"start":{"line":83,"column":25},"end":{"line":94,"column":5}},"line":83},"8":{"name":"(anonymous_8)","decl":{"start":{"line":96,"column":4},"end":{"line":96,"column":5}},"loc":{"start":{"line":96,"column":37},"end":{"line":118,"column":5}},"line":96},"9":{"name":"(anonymous_9)","decl":{"start":{"line":109,"column":48},"end":{"line":109,"column":49}},"loc":{"start":{"line":109,"column":54},"end":{"line":109,"column":81}},"line":109},"10":{"name":"(anonymous_10)","decl":{"start":{"line":112,"column":49},"end":{"line":112,"column":50}},"loc":{"start":{"line":112,"column":55},"end":{"line":112,"column":67}},"line":112},"11":{"name":"(anonymous_11)","decl":{"start":{"line":115,"column":49},"end":{"line":115,"column":50}},"loc":{"start":{"line":115,"column":55},"end":{"line":115,"column":67}},"line":115},"12":{"name":"(anonymous_12)","decl":{"start":{"line":121,"column":4},"end":{"line":121,"column":5}},"loc":{"start":{"line":121,"column":11},"end":{"line":126,"column":5}},"line":121},"13":{"name":"(anonymous_13)","decl":{"start":{"line":127,"column":4},"end":{"line":127,"column":5}},"loc":{"start":{"line":127,"column":11},"end":{"line":132,"column":5}},"line":127},"14":{"name":"(anonymous_14)","decl":{"start":{"line":133,"column":4},"end":{"line":133,"column":5}},"loc":{"start":{"line":133,"column":22},"end":{"line":136,"column":5}},"line":133}},"branchMap":{"0":{"loc":{"start":{"line":9,"column":8},"end":{"line":11,"column":9}},"type":"if","locations":[{"start":{"line":9,"column":8},"end":{"line":11,"column":9}},{"start":{"line":9,"column":8},"end":{"line":11,"column":9}}],"line":9},"1":{"loc":{"start":{"line":31,"column":8},"end":{"line":35,"column":9}},"type":"if","locations":[{"start":{"line":31,"column":8},"end":{"line":35,"column":9}},{"start":{"line":31,"column":8},"end":{"line":35,"column":9}}],"line":31},"2":{"loc":{"start":{"line":38,"column":8},"end":{"line":40,"column":9}},"type":"if","locations":[{"start":{"line":38,"column":8},"end":{"line":40,"column":9}},{"start":{"line":38,"column":8},"end":{"line":40,"column":9}}],"line":38},"3":{"loc":{"start":{"line":45,"column":8},"end":{"line":62,"column":9}},"type":"switch","locations":[{"start":{"line":46,"column":12},"end":{"line":48,"column":13}},{"start":{"line":49,"column":12},"end":{"line":51,"column":13}},{"start":{"line":52,"column":12},"end":{"line":54,"column":13}},{"start":{"line":55,"column":12},"end":{"line":57,"column":13}},{"start":{"line":58,"column":12},"end":{"line":61,"column":13}}],"line":45},"4":{"loc":{"start":{"line":85,"column":12},"end":{"line":92,"column":13}},"type":"if","locations":[{"start":{"line":85,"column":12},"end":{"line":92,"column":13}},{"start":{"line":85,"column":12},"end":{"line":92,"column":13}}],"line":85},"5":{"loc":{"start":{"line":86,"column":16},"end":{"line":88,"column":17}},"type":"if","locations":[{"start":{"line":86,"column":16},"end":{"line":88,"column":17}},{"start":{"line":86,"column":16},"end":{"line":88,"column":17}}],"line":86},"6":{"loc":{"start":{"line":86,"column":20},"end":{"line":86,"column":87}},"type":"binary-expr","locations":[{"start":{"line":86,"column":20},"end":{"line":86,"column":40}},{"start":{"line":86,"column":44},"end":{"line":86,"column":87}}],"line":86},"7":{"loc":{"start":{"line":106,"column":7},"end":{"line":108,"column":8}},"type":"if","locations":[{"start":{"line":106,"column":7},"end":{"line":108,"column":8}},{"start":{"line":106,"column":7},"end":{"line":108,"column":8}}],"line":106},"8":{"loc":{"start":{"line":111,"column":8},"end":{"line":113,"column":9}},"type":"if","locations":[{"start":{"line":111,"column":8},"end":{"line":113,"column":9}},{"start":{"line":111,"column":8},"end":{"line":113,"column":9}}],"line":111},"9":{"loc":{"start":{"line":114,"column":8},"end":{"line":116,"column":9}},"type":"if","locations":[{"start":{"line":114,"column":8},"end":{"line":116,"column":9}},{"start":{"line":114,"column":8},"end":{"line":116,"column":9}}],"line":114},"10":{"loc":{"start":{"line":122,"column":8},"end":{"line":125,"column":9}},"type":"if","locations":[{"start":{"line":122,"column":8},"end":{"line":125,"column":9}},{"start":{"line":122,"column":8},"end":{"line":125,"column":9}}],"line":122},"11":{"loc":{"start":{"line":128,"column":8},"end":{"line":131,"column":9}},"type":"if","locations":[{"start":{"line":128,"column":8},"end":{"line":131,"column":9}},{"start":{"line":128,"column":8},"end":{"line":131,"column":9}}],"line":128}},"s":{"0":8,"1":8,"2":8,"3":8,"4":8,"5":8,"6":8,"7":8,"8":8,"9":8,"10":8,"11":8,"12":8,"13":8,"14":8,"15":8,"16":0,"17":0,"18":0,"19":0,"20":0,"21":0,"22":11,"23":10,"24":1,"25":0,"26":0,"27":0,"28":0,"29":11,"30":11,"31":11,"32":11,"33":11,"34":11,"35":11,"36":5,"37":5,"38":5,"39":1,"40":1,"41":1,"42":1,"43":1,"44":1,"45":1,"46":1,"47":1,"48":1,"49":1,"50":1,"51":1,"52":0,"53":0,"54":1,"55":0,"56":0,"57":1,"58":3,"59":3,"60":3,"61":1,"62":1,"63":1,"64":1,"65":1},"f":{"0":8,"1":0,"2":0,"3":0,"4":11,"5":11,"6":5,"7":1,"8":1,"9":1,"10":0,"11":0,"12":3,"13":1,"14":1},"b":{"0":[8,0],"1":[0,8],"2":[0,0],"3":[10,1,0,0,0],"4":[1,0],"5":[1,0],"6":[1,1],"7":[1,0],"8":[0,1],"9":[0,1],"10":[3,0],"11":[1,0]},"_coverageSchema":"43e27e138ebf9cfc5966b082cf9a028302ed4184","hash":"b3089644ac18d187060c6df7d5a99036e16d6508"}
,"C:\\Users\\shayn\\Desktop\\Resume\\Projects\\vector-image-draw\\src\\models\\Ellipse.js": {"path":"C:\\Users\\shayn\\Desktop\\Resume\\Projects\\vector-image-draw\\src\\models\\Ellipse.js","statementMap":{"0":{"start":{"line":6,"column":8},"end":{"line":6,"column":20}},"1":{"start":{"line":7,"column":8},"end":{"line":7,"column":30}},"2":{"start":{"line":16,"column":20},"end":{"line":17,"column":83}},"3":{"start":{"line":18,"column":8},"end":{"line":18,"column":25}},"4":{"start":{"line":23,"column":26},"end":{"line":26,"column":9}},"5":{"start":{"line":27,"column":8},"end":{"line":27,"column":36}},"6":{"start":{"line":28,"column":8},"end":{"line":28,"column":26}},"7":{"start":{"line":31,"column":28},"end":{"line":31,"column":59}},"8":{"start":{"line":32,"column":29},"end":{"line":32,"column":60}},"9":{"start":{"line":33,"column":27},"end":{"line":33,"column":58}},"10":{"start":{"line":34,"column":30},"end":{"line":34,"column":61}},"11":{"start":{"line":36,"column":8},"end":{"line":42,"column":11}}},"fnMap":{"0":{"name":"(anonymous_0)","decl":{"start":{"line":5,"column":4},"end":{"line":5,"column":5}},"loc":{"start":{"line":5,"column":22},"end":{"line":8,"column":5}},"line":5},"1":{"name":"(anonymous_1)","decl":{"start":{"line":10,"column":4},"end":{"line":10,"column":5}},"loc":{"start":{"line":10,"column":29},"end":{"line":20,"column":5}},"line":10},"2":{"name":"(anonymous_2)","decl":{"start":{"line":22,"column":4},"end":{"line":22,"column":5}},"loc":{"start":{"line":22,"column":33},"end":{"line":29,"column":5}},"line":22},"3":{"name":"(anonymous_3)","decl":{"start":{"line":30,"column":4},"end":{"line":30,"column":5}},"loc":{"start":{"line":30,"column":21},"end":{"line":43,"column":5}},"line":30}},"branchMap":{},"s":{"0":4,"1":4,"2":2,"3":2,"4":3,"5":3,"6":3,"7":0,"8":0,"9":0,"10":0,"11":0},"f":{"0":4,"1":2,"2":3,"3":0},"b":{},"_coverageSchema":"43e27e138ebf9cfc5966b082cf9a028302ed4184","hash":"b2161f662c1ea5171cb5dede044a9c07b8b819f6"}
,"C:\\Users\\shayn\\Desktop\\Resume\\Projects\\vector-image-draw\\src\\models\\Line.js": {"path":"C:\\Users\\shayn\\Desktop\\Resume\\Projects\\vector-image-draw\\src\\models\\Line.js","statementMap":{"0":{"start":{"line":6,"column":8},"end":{"line":6,"column":20}},"1":{"start":{"line":7,"column":8},"end":{"line":7,"column":26}},"2":{"start":{"line":11,"column":8},"end":{"line":14,"column":35}},"3":{"start":{"line":19,"column":8},"end":{"line":19,"column":62}},"4":{"start":{"line":23,"column":8},"end":{"line":23,"column":39}},"5":{"start":{"line":24,"column":8},"end":{"line":24,"column":39}},"6":{"start":{"line":25,"column":8},"end":{"line":25,"column":39}},"7":{"start":{"line":26,"column":8},"end":{"line":26,"column":39}},"8":{"start":{"line":30,"column":8},"end":{"line":36,"column":11}}},"fnMap":{"0":{"name":"(anonymous_0)","decl":{"start":{"line":5,"column":4},"end":{"line":5,"column":5}},"loc":{"start":{"line":5,"column":22},"end":{"line":8,"column":5}},"line":5},"1":{"name":"(anonymous_1)","decl":{"start":{"line":10,"column":4},"end":{"line":10,"column":5}},"loc":{"start":{"line":10,"column":16},"end":{"line":15,"column":5}},"line":10},"2":{"name":"(anonymous_2)","decl":{"start":{"line":17,"column":4},"end":{"line":17,"column":5}},"loc":{"start":{"line":17,"column":29},"end":{"line":20,"column":5}},"line":17},"3":{"name":"(anonymous_3)","decl":{"start":{"line":22,"column":4},"end":{"line":22,"column":5}},"loc":{"start":{"line":22,"column":33},"end":{"line":27,"column":5}},"line":22},"4":{"name":"(anonymous_4)","decl":{"start":{"line":29,"column":4},"end":{"line":29,"column":5}},"loc":{"start":{"line":29,"column":21},"end":{"line":37,"column":5}},"line":29}},"branchMap":{},"s":{"0":4,"1":4,"2":1,"3":2,"4":3,"5":3,"6":3,"7":3,"8":2},"f":{"0":4,"1":1,"2":2,"3":3,"4":2},"b":{},"_coverageSchema":"43e27e138ebf9cfc5966b082cf9a028302ed4184","hash":"bf1e1e069a40d18558d227b9d44783eabf1d3ee0"}
,"C:\\Users\\shayn\\Desktop\\Resume\\Projects\\vector-image-draw\\src\\models\\Polygon.js": {"path":"C:\\Users\\shayn\\Desktop\\Resume\\Projects\\vector-image-draw\\src\\models\\Polygon.js","statementMap":{"0":{"start":{"line":6,"column":8},"end":{"line":6,"column":20}},"1":{"start":{"line":7,"column":8},"end":{"line":7,"column":29}},"2":{"start":{"line":11,"column":8},"end":{"line":11,"column":62}},"3":{"start":{"line":15,"column":8},"end":{"line":18,"column":11}},"4":{"start":{"line":16,"column":12},"end":{"line":16,"column":40}},"5":{"start":{"line":17,"column":12},"end":{"line":17,"column":40}},"6":{"start":{"line":22,"column":22},"end":{"line":22,"column":49}},"7":{"start":{"line":22,"column":44},"end":{"line":22,"column":48}},"8":{"start":{"line":23,"column":22},"end":{"line":23,"column":49}},"9":{"start":{"line":23,"column":44},"end":{"line":23,"column":48}},"10":{"start":{"line":25,"column":19},"end":{"line":25,"column":39}},"11":{"start":{"line":26,"column":19},"end":{"line":26,"column":39}},"12":{"start":{"line":27,"column":19},"end":{"line":27,"column":39}},"13":{"start":{"line":28,"column":19},"end":{"line":28,"column":39}},"14":{"start":{"line":30,"column":8},"end":{"line":38,"column":11}}},"fnMap":{"0":{"name":"(anonymous_0)","decl":{"start":{"line":5,"column":4},"end":{"line":5,"column":5}},"loc":{"start":{"line":5,"column":22},"end":{"line":8,"column":5}},"line":5},"1":{"name":"(anonymous_1)","decl":{"start":{"line":10,"column":4},"end":{"line":10,"column":5}},"loc":{"start":{"line":10,"column":29},"end":{"line":12,"column":5}},"line":10},"2":{"name":"(anonymous_2)","decl":{"start":{"line":14,"column":4},"end":{"line":14,"column":5}},"loc":{"start":{"line":14,"column":33},"end":{"line":19,"column":5}},"line":14},"3":{"name":"(anonymous_3)","decl":{"start":{"line":15,"column":28},"end":{"line":15,"column":29}},"loc":{"start":{"line":15,"column":42},"end":{"line":18,"column":9}},"line":15},"4":{"name":"(anonymous_4)","decl":{"start":{"line":21,"column":4},"end":{"line":21,"column":5}},"loc":{"start":{"line":21,"column":21},"end":{"line":39,"column":5}},"line":21},"5":{"name":"(anonymous_5)","decl":{"start":{"line":22,"column":38},"end":{"line":22,"column":39}},"loc":{"start":{"line":22,"column":44},"end":{"line":22,"column":48}},"line":22},"6":{"name":"(anonymous_6)","decl":{"start":{"line":23,"column":38},"end":{"line":23,"column":39}},"loc":{"start":{"line":23,"column":44},"end":{"line":23,"column":48}},"line":23}},"branchMap":{},"s":{"0":3,"1":3,"2":2,"3":2,"4":6,"5":6,"6":2,"7":6,"8":2,"9":6,"10":2,"11":2,"12":2,"13":2,"14":2},"f":{"0":3,"1":2,"2":2,"3":6,"4":2,"5":6,"6":6},"b":{},"_coverageSchema":"43e27e138ebf9cfc5966b082cf9a028302ed4184","hash":"96a846a99206b8102c0e84c3ef70c9c1da91b95c"}
,"C:\\Users\\shayn\\Desktop\\Resume\\Projects\\vector-image-draw\\src\\models\\Rectangle.js": {"path":"C:\\Users\\shayn\\Desktop\\Resume\\Projects\\vector-image-draw\\src\\models\\Rectangle.js","statementMap":{"0":{"start":{"line":5,"column":8},"end":{"line":5,"column":20}},"1":{"start":{"line":6,"column":8},"end":{"line":8,"column":9}},"2":{"start":{"line":7,"column":12},"end":{"line":7,"column":61}},"3":{"start":{"line":9,"column":8},"end":{"line":11,"column":9}},"4":{"start":{"line":10,"column":12},"end":{"line":10,"column":58}},"5":{"start":{"line":12,"column":8},"end":{"line":14,"column":9}},"6":{"start":{"line":13,"column":12},"end":{"line":13,"column":59}},"7":{"start":{"line":15,"column":8},"end":{"line":15,"column":31}},"8":{"start":{"line":18,"column":8},"end":{"line":18,"column":47}},"9":{"start":{"line":19,"column":8},"end":{"line":19,"column":47}},"10":{"start":{"line":24,"column":19},"end":{"line":24,"column":34}},"11":{"start":{"line":25,"column":19},"end":{"line":25,"column":34}},"12":{"start":{"line":28,"column":19},"end":{"line":28,"column":47}},"13":{"start":{"line":29,"column":19},"end":{"line":29,"column":48}},"14":{"start":{"line":31,"column":23},"end":{"line":36,"column":9}},"15":{"start":{"line":38,"column":8},"end":{"line":38,"column":22}},"16":{"start":{"line":44,"column":16},"end":{"line":44,"column":166}},"17":{"start":{"line":50,"column":8},"end":{"line":54,"column":11}}},"fnMap":{"0":{"name":"(anonymous_0)","decl":{"start":{"line":4,"column":4},"end":{"line":4,"column":5}},"loc":{"start":{"line":4,"column":22},"end":{"line":16,"column":5}},"line":4},"1":{"name":"(anonymous_1)","decl":{"start":{"line":17,"column":4},"end":{"line":17,"column":5}},"loc":{"start":{"line":17,"column":33},"end":{"line":20,"column":5}},"line":17},"2":{"name":"(anonymous_2)","decl":{"start":{"line":22,"column":4},"end":{"line":22,"column":5}},"loc":{"start":{"line":22,"column":16},"end":{"line":39,"column":5}},"line":22},"3":{"name":"(anonymous_3)","decl":{"start":{"line":43,"column":4},"end":{"line":43,"column":5}},"loc":{"start":{"line":43,"column":29},"end":{"line":45,"column":5}},"line":43},"4":{"name":"(anonymous_4)","decl":{"start":{"line":49,"column":4},"end":{"line":49,"column":5}},"loc":{"start":{"line":49,"column":21},"end":{"line":55,"column":5}},"line":49}},"branchMap":{"0":{"loc":{"start":{"line":6,"column":8},"end":{"line":8,"column":9}},"type":"if","locations":[{"start":{"line":6,"column":8},"end":{"line":8,"column":9}},{"start":{"line":6,"column":8},"end":{"line":8,"column":9}}],"line":6},"1":{"loc":{"start":{"line":9,"column":8},"end":{"line":11,"column":9}},"type":"if","locations":[{"start":{"line":9,"column":8},"end":{"line":11,"column":9}},{"start":{"line":9,"column":8},"end":{"line":11,"column":9}}],"line":9},"2":{"loc":{"start":{"line":12,"column":8},"end":{"line":14,"column":9}},"type":"if","locations":[{"start":{"line":12,"column":8},"end":{"line":14,"column":9}},{"start":{"line":12,"column":8},"end":{"line":14,"column":9}}],"line":12},"3":{"loc":{"start":{"line":44,"column":23},"end":{"line":44,"column":166}},"type":"binary-expr","locations":[{"start":{"line":44,"column":23},"end":{"line":44,"column":49}},{"start":{"line":44,"column":53},"end":{"line":44,"column":92}},{"start":{"line":44,"column":96},"end":{"line":44,"column":122}},{"start":{"line":44,"column":126},"end":{"line":44,"column":166}}],"line":44}},"s":{"0":20,"1":20,"2":0,"3":20,"4":0,"5":20,"6":0,"7":20,"8":3,"9":3,"10":1,"11":1,"12":1,"13":1,"14":1,"15":1,"16":7,"17":1},"f":{"0":20,"1":3,"2":1,"3":7,"4":1},"b":{"0":[0,20],"1":[0,20],"2":[0,20],"3":[7,6,4,4]},"_coverageSchema":"43e27e138ebf9cfc5966b082cf9a028302ed4184","hash":"dbf5346e00a2aa4c0c94396e4be8e5af27a37e56"}
,"C:\\Users\\shayn\\Desktop\\Resume\\Projects\\vector-image-draw\\src\\models\\ShapeObject.js": {"path":"C:\\Users\\shayn\\Desktop\\Resume\\Projects\\vector-image-draw\\src\\models\\ShapeObject.js","statementMap":{"0":{"start":{"line":9,"column":8},"end":{"line":9,"column":62}},"1":{"start":{"line":10,"column":8},"end":{"line":10,"column":36}},"2":{"start":{"line":11,"column":8},"end":{"line":11,"column":30}},"3":{"start":{"line":12,"column":8},"end":{"line":12,"column":30}},"4":{"start":{"line":18,"column":8},"end":{"line":18,"column":77}},"5":{"start":{"line":22,"column":8},"end":{"line":22,"column":62}}},"fnMap":{"0":{"name":"(anonymous_0)","decl":{"start":{"line":7,"column":4},"end":{"line":7,"column":5}},"loc":{"start":{"line":7,"column":22},"end":{"line":13,"column":5}},"line":7},"1":{"name":"(anonymous_1)","decl":{"start":{"line":14,"column":4},"end":{"line":14,"column":5}},"loc":{"start":{"line":14,"column":33},"end":{"line":16,"column":5}},"line":14},"2":{"name":"(anonymous_2)","decl":{"start":{"line":17,"column":4},"end":{"line":17,"column":5}},"loc":{"start":{"line":17,"column":29},"end":{"line":19,"column":5}},"line":17},"3":{"name":"(anonymous_3)","decl":{"start":{"line":21,"column":4},"end":{"line":21,"column":5}},"loc":{"start":{"line":21,"column":21},"end":{"line":23,"column":5}},"line":21}},"branchMap":{},"s":{"0":31,"1":31,"2":31,"3":31,"4":0,"5":0},"f":{"0":31,"1":3,"2":0,"3":0},"b":{},"_coverageSchema":"43e27e138ebf9cfc5966b082cf9a028302ed4184","hash":"aaccb918ffec9abd9ad1afd6cee1b446959a6d72"}
,"C:\\Users\\shayn\\Desktop\\Resume\\Projects\\vector-image-draw\\src\\models\\Commands\\ClearCanvasCommand.js": {"path":"C:\\Users\\shayn\\Desktop\\Resume\\Projects\\vector-image-draw\\src\\models\\Commands\\ClearCanvasCommand.js","statementMap":{"0":{"start":{"line":8,"column":8},"end":{"line":8,"column":30}},"1":{"start":{"line":9,"column":8},"end":{"line":9,"column":40}},"2":{"start":{"line":10,"column":8},"end":{"line":10,"column":39}},"3":{"start":{"line":11,"column":8},"end":{"line":11,"column":34}},"4":{"start":{"line":14,"column":8},"end":{"line":23,"column":9}},"5":{"start":{"line":15,"column":12},"end":{"line":15,"column":70}},"6":{"start":{"line":16,"column":12},"end":{"line":16,"column":43}},"7":{"start":{"line":17,"column":12},"end":{"line":17,"column":37}},"8":{"start":{"line":18,"column":12},"end":{"line":18,"column":69}},"9":{"start":{"line":19,"column":12},"end":{"line":19,"column":50}},"10":{"start":{"line":22,"column":12},"end":{"line":22,"column":61}},"11":{"start":{"line":26,"column":8},"end":{"line":26,"column":23}},"12":{"start":{"line":29,"column":8},"end":{"line":29,"column":58}}},"fnMap":{"0":{"name":"(anonymous_0)","decl":{"start":{"line":7,"column":4},"end":{"line":7,"column":5}},"loc":{"start":{"line":7,"column":24},"end":{"line":12,"column":5}},"line":7},"1":{"name":"(anonymous_1)","decl":{"start":{"line":13,"column":4},"end":{"line":13,"column":5}},"loc":{"start":{"line":13,"column":14},"end":{"line":24,"column":5}},"line":13},"2":{"name":"(anonymous_2)","decl":{"start":{"line":25,"column":4},"end":{"line":25,"column":5}},"loc":{"start":{"line":25,"column":11},"end":{"line":27,"column":5}},"line":25},"3":{"name":"(anonymous_3)","decl":{"start":{"line":28,"column":4},"end":{"line":28,"column":5}},"loc":{"start":{"line":28,"column":11},"end":{"line":30,"column":5}},"line":28}},"branchMap":{"0":{"loc":{"start":{"line":14,"column":8},"end":{"line":23,"column":9}},"type":"if","locations":[{"start":{"line":14,"column":8},"end":{"line":23,"column":9}},{"start":{"line":14,"column":8},"end":{"line":23,"column":9}}],"line":14}},"s":{"0":0,"1":0,"2":0,"3":0,"4":0,"5":0,"6":0,"7":0,"8":0,"9":0,"10":0,"11":0,"12":0},"f":{"0":0,"1":0,"2":0,"3":0},"b":{"0":[0,0]},"hash":"73e509172b1f59bd544c7f0a61cac601cd0cea48"}
,"C:\\Users\\shayn\\Desktop\\Resume\\Projects\\vector-image-draw\\src\\models\\Commands\\CreateShapeCommand.js": {"path":"C:\\Users\\shayn\\Desktop\\Resume\\Projects\\vector-image-draw\\src\\models\\Commands\\CreateShapeCommand.js","statementMap":{"0":{"start":{"line":9,"column":8},"end":{"line":9,"column":30}},"1":{"start":{"line":10,"column":8},"end":{"line":10,"column":40}},"2":{"start":{"line":11,"column":8},"end":{"line":11,"column":39}},"3":{"start":{"line":12,"column":8},"end":{"line":12,"column":34}},"4":{"start":{"line":13,"column":8},"end":{"line":13,"column":36}},"5":{"start":{"line":17,"column":8},"end":{"line":27,"column":9}},"6":{"start":{"line":18,"column":12},"end":{"line":18,"column":70}},"7":{"start":{"line":19,"column":12},"end":{"line":19,"column":51}},"8":{"start":{"line":20,"column":12},"end":{"line":20,"column":37}},"9":{"start":{"line":21,"column":12},"end":{"line":21,"column":69}},"10":{"start":{"line":23,"column":12},"end":{"line":23,"column":50}},"11":{"start":{"line":26,"column":12},"end":{"line":26,"column":61}},"12":{"start":{"line":30,"column":8},"end":{"line":30,"column":23}},"13":{"start":{"line":33,"column":8},"end":{"line":33,"column":28}},"14":{"start":{"line":34,"column":8},"end":{"line":34,"column":58}}},"fnMap":{"0":{"name":"(anonymous_0)","decl":{"start":{"line":8,"column":4},"end":{"line":8,"column":5}},"loc":{"start":{"line":8,"column":35},"end":{"line":14,"column":5}},"line":8},"1":{"name":"(anonymous_1)","decl":{"start":{"line":15,"column":4},"end":{"line":15,"column":5}},"loc":{"start":{"line":15,"column":14},"end":{"line":28,"column":5}},"line":15},"2":{"name":"(anonymous_2)","decl":{"start":{"line":29,"column":4},"end":{"line":29,"column":5}},"loc":{"start":{"line":29,"column":11},"end":{"line":31,"column":5}},"line":29},"3":{"name":"(anonymous_3)","decl":{"start":{"line":32,"column":4},"end":{"line":32,"column":5}},"loc":{"start":{"line":32,"column":11},"end":{"line":36,"column":5}},"line":32}},"branchMap":{"0":{"loc":{"start":{"line":17,"column":8},"end":{"line":27,"column":9}},"type":"if","locations":[{"start":{"line":17,"column":8},"end":{"line":27,"column":9}},{"start":{"line":17,"column":8},"end":{"line":27,"column":9}}],"line":17}},"s":{"0":5,"1":5,"2":5,"3":5,"4":5,"5":6,"6":5,"7":5,"8":5,"9":5,"10":5,"11":1,"12":1,"13":3,"14":3},"f":{"0":5,"1":6,"2":1,"3":3},"b":{"0":[5,1]},"_coverageSchema":"43e27e138ebf9cfc5966b082cf9a028302ed4184","hash":"bda76a0f4db23b8d1b020380529e4fd2c8639251"}
,"C:\\Users\\shayn\\Desktop\\Resume\\Projects\\vector-image-draw\\src\\models\\Commands\\DeleteShapeCommand.js": {"path":"C:\\Users\\shayn\\Desktop\\Resume\\Projects\\vector-image-draw\\src\\models\\Commands\\DeleteShapeCommand.js","statementMap":{"0":{"start":{"line":9,"column":8},"end":{"line":9,"column":30}},"1":{"start":{"line":10,"column":8},"end":{"line":10,"column":32}},"2":{"start":{"line":11,"column":8},"end":{"line":11,"column":40}},"3":{"start":{"line":12,"column":8},"end":{"line":12,"column":39}},"4":{"start":{"line":13,"column":8},"end":{"line":13,"column":34}},"5":{"start":{"line":16,"column":8},"end":{"line":25,"column":9}},"6":{"start":{"line":17,"column":12},"end":{"line":17,"column":70}},"7":{"start":{"line":18,"column":12},"end":{"line":18,"column":52}},"8":{"start":{"line":19,"column":12},"end":{"line":19,"column":37}},"9":{"start":{"line":20,"column":12},"end":{"line":20,"column":69}},"10":{"start":{"line":21,"column":12},"end":{"line":21,"column":50}},"11":{"start":{"line":24,"column":12},"end":{"line":24,"column":61}},"12":{"start":{"line":28,"column":8},"end":{"line":28,"column":23}},"13":{"start":{"line":31,"column":8},"end":{"line":31,"column":58}}},"fnMap":{"0":{"name":"(anonymous_0)","decl":{"start":{"line":8,"column":4},"end":{"line":8,"column":5}},"loc":{"start":{"line":8,"column":33},"end":{"line":14,"column":5}},"line":8},"1":{"name":"(anonymous_1)","decl":{"start":{"line":15,"column":4},"end":{"line":15,"column":5}},"loc":{"start":{"line":15,"column":14},"end":{"line":26,"column":5}},"line":15},"2":{"name":"(anonymous_2)","decl":{"start":{"line":27,"column":4},"end":{"line":27,"column":5}},"loc":{"start":{"line":27,"column":11},"end":{"line":29,"column":5}},"line":27},"3":{"name":"(anonymous_3)","decl":{"start":{"line":30,"column":4},"end":{"line":30,"column":5}},"loc":{"start":{"line":30,"column":11},"end":{"line":32,"column":5}},"line":30}},"branchMap":{"0":{"loc":{"start":{"line":16,"column":8},"end":{"line":25,"column":9}},"type":"if","locations":[{"start":{"line":16,"column":8},"end":{"line":25,"column":9}},{"start":{"line":16,"column":8},"end":{"line":25,"column":9}}],"line":16}},"s":{"0":0,"1":0,"2":0,"3":0,"4":0,"5":0,"6":0,"7":0,"8":0,"9":0,"10":0,"11":0,"12":0,"13":0},"f":{"0":0,"1":0,"2":0,"3":0},"b":{"0":[0,0]},"hash":"176cc86046d7b6af3f90c4b4c2842fa9df528172"}
,"C:\\Users\\shayn\\Desktop\\Resume\\Projects\\vector-image-draw\\src\\models\\Commands\\TranslateShapeCommand.js": {"path":"C:\\Users\\shayn\\Desktop\\Resume\\Projects\\vector-image-draw\\src\\models\\Commands\\TranslateShapeCommand.js","statementMap":{"0":{"start":{"line":8,"column":8},"end":{"line":8,"column":30}},"1":{"start":{"line":9,"column":8},"end":{"line":9,"column":28}},"2":{"start":{"line":10,"column":8},"end":{"line":10,"column":71}},"3":{"start":{"line":11,"column":8},"end":{"line":11,"column":34}},"4":{"start":{"line":14,"column":8},"end":{"line":14,"column":55}},"5":{"start":{"line":15,"column":8},"end":{"line":15,"column":33}},"6":{"start":{"line":16,"column":8},"end":{"line":16,"column":46}},"7":{"start":{"line":19,"column":8},"end":{"line":19,"column":23}},"8":{"start":{"line":22,"column":8},"end":{"line":25,"column":10}}},"fnMap":{"0":{"name":"(anonymous_0)","decl":{"start":{"line":7,"column":4},"end":{"line":7,"column":5}},"loc":{"start":{"line":7,"column":50},"end":{"line":12,"column":5}},"line":7},"1":{"name":"(anonymous_1)","decl":{"start":{"line":13,"column":4},"end":{"line":13,"column":5}},"loc":{"start":{"line":13,"column":14},"end":{"line":17,"column":5}},"line":13},"2":{"name":"(anonymous_2)","decl":{"start":{"line":18,"column":4},"end":{"line":18,"column":5}},"loc":{"start":{"line":18,"column":11},"end":{"line":20,"column":5}},"line":18},"3":{"name":"(anonymous_3)","decl":{"start":{"line":21,"column":4},"end":{"line":21,"column":5}},"loc":{"start":{"line":21,"column":11},"end":{"line":26,"column":5}},"line":21}},"branchMap":{},"s":{"0":0,"1":0,"2":0,"3":0,"4":0,"5":0,"6":0,"7":0,"8":0},"f":{"0":0,"1":0,"2":0,"3":0},"b":{},"hash":"dc930196f3a8b5110fd93b20778b6319d5b01192"}
,"C:\\Users\\shayn\\Desktop\\Resume\\Projects\\vector-image-draw\\src\\pages\\Index.vue": {"path":"C:\\Users\\shayn\\Desktop\\Resume\\Projects\\vector-image-draw\\src\\pages\\Index.vue","statementMap":{"0":{"start":{"line":8,"column":0},"end":{"line":8,"column":null}}},"fnMap":{},"branchMap":{},"s":{"0":0},"f":{},"b":{}}
,"C:\\Users\\shayn\\Desktop\\Resume\\Projects\\vector-image-draw\\src\\router\\index.js": {"path":"C:\\Users\\shayn\\Desktop\\Resume\\Projects\\vector-image-draw\\src\\router\\index.js","statementMap":{"0":{"start":{"line":6,"column":0},"end":{"line":6,"column":18}},"1":{"start":{"line":18,"column":17},"end":{"line":27,"column":4}},"2":{"start":{"line":19,"column":27},"end":{"line":19,"column":41}},"3":{"start":{"line":29,"column":2},"end":{"line":29,"column":15}}},"fnMap":{"0":{"name":"(anonymous_0)","decl":{"start":{"line":17,"column":15},"end":{"line":17,"column":16}},"loc":{"start":{"line":17,"column":54},"end":{"line":30,"column":1}},"line":17},"1":{"name":"(anonymous_1)","decl":{"start":{"line":19,"column":20},"end":{"line":19,"column":21}},"loc":{"start":{"line":19,"column":27},"end":{"line":19,"column":41}},"line":19}},"branchMap":{},"s":{"0":0,"1":0,"2":0,"3":0},"f":{"0":0,"1":0},"b":{},"hash":"a2129e6bacf6c73b049ac7b811a813318d70f533"}
,"C:\\Users\\shayn\\Desktop\\Resume\\Projects\\vector-image-draw\\src\\router\\routes.js": {"path":"C:\\Users\\shayn\\Desktop\\Resume\\Projects\\vector-image-draw\\src\\router\\routes.js","statementMap":{"0":{"start":{"line":2,"column":15},"end":{"line":10,"column":1}},"1":{"start":{"line":5,"column":21},"end":{"line":5,"column":53}},"2":{"start":{"line":7,"column":35},"end":{"line":7,"column":60}},"3":{"start":{"line":13,"column":0},"end":{"line":18,"column":1}},"4":{"start":{"line":14,"column":2},"end":{"line":17,"column":4}},"5":{"start":{"line":16,"column":21},"end":{"line":16,"column":49}}},"fnMap":{"0":{"name":"(anonymous_0)","decl":{"start":{"line":5,"column":15},"end":{"line":5,"column":16}},"loc":{"start":{"line":5,"column":21},"end":{"line":5,"column":53}},"line":5},"1":{"name":"(anonymous_1)","decl":{"start":{"line":7,"column":29},"end":{"line":7,"column":30}},"loc":{"start":{"line":7,"column":35},"end":{"line":7,"column":60}},"line":7},"2":{"name":"(anonymous_2)","decl":{"start":{"line":16,"column":15},"end":{"line":16,"column":16}},"loc":{"start":{"line":16,"column":21},"end":{"line":16,"column":49}},"line":16}},"branchMap":{"0":{"loc":{"start":{"line":13,"column":0},"end":{"line":18,"column":1}},"type":"if","locations":[{"start":{"line":13,"column":0},"end":{"line":18,"column":1}},{"start":{"line":13,"column":0},"end":{"line":18,"column":1}}],"line":13}},"s":{"0":0,"1":0,"2":0,"3":0,"4":0,"5":0},"f":{"0":0,"1":0,"2":0},"b":{"0":[0,0]},"hash":"d37f84b815577c1dd45fa38237fb7fdb762fb778"}
,"C:\\Users\\shayn\\Desktop\\Resume\\Projects\\vector-image-draw\\src\\state\\state.js": {"path":"C:\\Users\\shayn\\Desktop\\Resume\\Projects\\vector-image-draw\\src\\state\\state.js","statementMap":{"0":{"start":{"line":5,"column":12},"end":{"line":7,"column":1}},"1":{"start":{"line":9,"column":0},"end":{"line":9,"column":24}}},"fnMap":{},"branchMap":{},"s":{"0":0,"1":0},"f":{},"b":{},"hash":"a49d5ebd10c86202ec232c07ea28c5aae0e45f48"}
}
