TN:
SF:C:\Users\shayn\Desktop\Resume\Projects\vector-image-draw\src\components\AppColorPicker.vue
FN:29,data
FN:35,styleColorInput
FNF:2
FNH:0
FNDA:0,data
FNDA:0,styleColorInput
DA:25,0
DA:30,0
DA:36,0
LF:3
LH:0
BRF:0
BRH:0
end_of_record
TN:
SF:C:\Users\shayn\Desktop\Resume\Projects\vector-image-draw\src\components\SVGBoundingBox.vue
FN:36,GetBoundingBox
FNF:1
FNH:0
FNDA:0,GetBoundingBox
DA:37,0
LF:1
LH:0
BRF:0
BRH:0
end_of_record
TN:
SF:C:\Users\shayn\Desktop\Resume\Projects\vector-image-draw\src\components\SVGCanvas.vue
FN:18,_default
FNF:1
FNH:1
FNDA:1,_default
DA:8,1
DA:19,1
LF:2
LH:2
BRF:0
BRH:0
end_of_record
TN:
SF:C:\Users\shayn\Desktop\Resume\Projects\vector-image-draw\src\components\SVGDynamicShape.vue
FN:77,PointsArrToString
FN:78,(anonymous_2)
FNF:2
FNH:0
FNDA:0,PointsArrToString
FNDA:0,(anonymous_2)
DA:78,0
DA:80,0
LF:2
LH:0
BRF:0
BRH:0
end_of_record
TN:
SF:C:\Users\shayn\Desktop\Resume\Projects\vector-image-draw\src\components\ToolsButtonGroup.vue
FN:44,data
FNF:1
FNH:0
FNDA:0,data
DA:40,0
DA:45,0
LF:2
LH:0
BRF:0
BRH:0
end_of_record
TN:
SF:C:\Users\shayn\Desktop\Resume\Projects\vector-image-draw\src\components\tools\EllipseTool.vue
FN:21,data
FN:28,createStartingEllipse
FN:46,handlePan
FNF:3
FNH:0
FNDA:0,data
FNDA:0,createStartingEllipse
FNDA:0,handlePan
DA:12,0
DA:13,0
DA:22,0
DA:29,0
DA:47,0
DA:49,0
DA:50,0
DA:51,0
DA:54,0
DA:55,0
DA:59,0
DA:61,0
DA:65,0
DA:67,0
DA:68,0
DA:69,0
LF:16
LH:0
BRDA:49,0,0,0
BRDA:49,0,1,0
BRDA:65,1,0,0
BRDA:65,1,1,0
BRF:4
BRH:0
end_of_record
TN:
SF:C:\Users\shayn\Desktop\Resume\Projects\vector-image-draw\src\components\tools\LineTool.vue
FN:17,data
FN:23,createStartingLine
FN:38,handlePan
FNF:3
FNH:0
FNDA:0,data
FNDA:0,createStartingLine
FNDA:0,handlePan
DA:8,0
DA:9,0
DA:18,0
DA:24,0
DA:35,0
DA:39,0
DA:41,0
DA:42,0
DA:45,0
DA:46,0
DA:49,0
DA:50,0
DA:52,0
DA:53,0
DA:54,0
LF:15
LH:0
BRDA:41,0,0,0
BRDA:41,0,1,0
BRDA:52,1,0,0
BRDA:52,1,1,0
BRF:4
BRH:0
end_of_record
TN:
SF:C:\Users\shayn\Desktop\Resume\Projects\vector-image-draw\src\components\tools\MoveTool.vue
FN:24,data
FN:30,mounted
FN:31,(anonymous_3)
FN:39,removeSelectedShape
FN:49,handleMouseDown
FN:58,handlePan
FNF:6
FNH:0
FNDA:0,data
FNDA:0,mounted
FNDA:0,(anonymous_3)
FNDA:0,removeSelectedShape
FNDA:0,handleMouseDown
FNDA:0,handlePan
DA:14,0
DA:15,0
DA:16,0
DA:17,0
DA:25,0
DA:30,0
DA:31,0
DA:32,0
DA:33,0
DA:34,0
DA:40,0
DA:41,0
DA:45,0
DA:50,0
DA:51,0
DA:52,0
DA:53,0
DA:54,0
DA:56,0
DA:59,0
DA:60,0
DA:62,0
DA:63,0
DA:64,0
DA:66,0
DA:68,0
DA:69,0
DA:71,0
LF:28
LH:0
BRDA:33,0,0,0
BRDA:33,0,1,0
BRDA:40,1,0,0
BRDA:40,1,1,0
BRDA:52,2,0,0
BRDA:52,2,1,0
BRDA:60,3,0,0
BRDA:60,3,1,0
BRDA:63,4,0,0
BRDA:63,4,1,0
BRDA:68,5,0,0
BRDA:68,5,1,0
BRF:12
BRH:0
end_of_record
TN:
SF:C:\Users\shayn\Desktop\Resume\Projects\vector-image-draw\src\components\tools\PolygonTool.vue
FN:35,data
FN:41,createStartingPolygon
FN:54,convertPointsToLines
FN:70,IsPolygonInProgress
FN:76,GetLastPoint
FN:79,handlePan
FNF:6
FNH:0
FNDA:0,data
FNDA:0,createStartingPolygon
FNDA:0,convertPointsToLines
FNDA:0,IsPolygonInProgress
FNDA:0,GetLastPoint
FNDA:0,handlePan
DA:30,0
DA:36,0
DA:42,0
DA:51,0
DA:55,0
DA:56,0
DA:59,0
DA:60,0
DA:63,0
DA:68,0
DA:71,0
DA:77,0
DA:80,0
DA:82,0
DA:89,0
DA:90,0
DA:91,0
DA:93,0
DA:96,0
DA:97,0
DA:99,0
DA:102,0
DA:103,0
DA:108,0
DA:109,0
DA:111,0
DA:112,0
LF:27
LH:0
BRDA:59,0,0,0
BRDA:59,0,1,0
BRDA:71,1,0,0
BRDA:71,1,1,0
BRDA:82,2,0,0
BRDA:82,2,1,0
BRDA:89,3,0,0
BRDA:89,3,1,0
BRDA:99,4,0,0
BRDA:99,4,1,0
BRDA:103,5,0,0
BRDA:103,5,1,0
BRDA:103,6,0,0
BRDA:103,6,1,0
BRF:14
BRH:0
end_of_record
TN:
SF:C:\Users\shayn\Desktop\Resume\Projects\vector-image-draw\src\components\tools\RectangleTool.vue
FN:21,data
FN:28,createStartingRectangle
FN:44,handlePan
FNF:3
FNH:0
FNDA:0,data
FNDA:0,createStartingRectangle
FNDA:0,handlePan
DA:12,0
DA:13,0
DA:22,0
DA:29,0
DA:45,0
DA:47,0
DA:48,0
DA:49,0
DA:52,0
DA:53,0
DA:56,0
DA:58,0
DA:61,0
DA:62,0
DA:63,0
DA:64,0
LF:16
LH:0
BRDA:47,0,0,0
BRDA:47,0,1,0
BRDA:61,1,0,0
BRDA:61,1,1,0
BRF:4
BRH:0
end_of_record
TN:
SF:C:\Users\shayn\Desktop\Resume\Projects\vector-image-draw\src\components\tools\ToolController.vue
FN:67,data
FN:71,handleShapeComplete
FNF:2
FNH:0
FNDA:0,data
FNDA:0,handleShapeComplete
DA:50,0
DA:51,0
DA:52,0
DA:53,0
DA:54,0
DA:56,0
DA:68,0
DA:72,0
LF:8
LH:0
BRF:0
BRH:0
end_of_record
TN:
SF:C:\Users\shayn\Desktop\Resume\Projects\vector-image-draw\src\components\tools\ToolMixIn.js
FN:22,(anonymous_0)
FNF:1
FNH:0
FNDA:0,(anonymous_0)
DA:3,0
DA:23,0
DA:24,0
DA:27,0
DA:28,0
DA:34,0
LF:6
LH:0
BRDA:27,0,0,0
BRDA:27,0,1,0
BRF:2
BRH:0
end_of_record
TN:
SF:C:\Users\shayn\Desktop\Resume\Projects\vector-image-draw\src\layouts\MainLayout.vue
FN:36,data
FN:43,removeAllShapes
FN:48,saveAsImg
FN:49,triggerDownload
FN:77,(anonymous_5)
FNF:5
FNH:0
FNDA:0,data
FNDA:0,removeAllShapes
FNDA:0,saveAsImg
FNDA:0,triggerDownload
FNDA:0,(anonymous_5)
DA:24,0
DA:25,0
DA:26,0
DA:28,0
DA:37,0
DA:44,0
DA:45,0
DA:50,0
DA:56,0
DA:57,0
DA:58,0
DA:59,0
DA:61,0
DA:64,0
DA:66,0
DA:67,0
DA:68,0
DA:69,0
DA:70,0
DA:71,0
DA:73,0
DA:74,0
DA:75,0
DA:77,0
DA:78,0
DA:79,0
DA:81,0
DA:85,0
DA:88,0
LF:29
LH:0
BRDA:71,0,0,0
BRDA:71,0,1,0
BRDA:71,0,2,0
BRF:3
BRH:0
end_of_record
TN:
SF:C:\Users\shayn\Desktop\Resume\Projects\vector-image-draw\src\models\Editor.js
FN:8,(anonymous_0)
FN:27,(anonymous_1)
FN:32,(anonymous_2)
FN:36,(anonymous_3)
FN:39,(anonymous_4)
FN:60,(anonymous_5)
FN:68,(anonymous_6)
FN:74,(anonymous_7)
FN:87,(anonymous_8)
FN:88,(anonymous_9)
FN:92,(anonymous_10)
FN:98,(anonymous_11)
FN:104,(anonymous_12)
FNF:13
FNH:10
FNDA:8,(anonymous_0)
FNDA:0,(anonymous_1)
FNDA:0,(anonymous_2)
FNDA:0,(anonymous_3)
FNDA:11,(anonymous_4)
FNDA:11,(anonymous_5)
FNDA:5,(anonymous_6)
FNDA:1,(anonymous_7)
FNDA:1,(anonymous_8)
FNDA:1,(anonymous_9)
FNDA:3,(anonymous_10)
FNDA:1,(anonymous_11)
FNDA:1,(anonymous_12)
DA:9,8
DA:10,8
DA:12,8
DA:14,8
DA:15,8
DA:16,8
DA:17,8
DA:19,8
DA:20,8
DA:24,8
DA:26,8
DA:27,0
DA:28,0
DA:33,0
DA:34,0
DA:36,0
DA:40,11
DA:42,10
DA:45,1
DA:48,0
DA:51,0
DA:54,0
DA:55,0
DA:61,11
DA:62,11
DA:63,11
DA:64,11
DA:65,11
DA:69,5
DA:70,5
DA:71,5
DA:75,1
DA:76,1
DA:77,1
DA:78,0
DA:80,1
DA:81,1
DA:82,1
DA:88,1
DA:93,3
DA:94,3
DA:95,3
DA:99,1
DA:100,1
DA:101,1
DA:105,1
DA:106,1
LF:47
LH:37
BRDA:9,0,0,8
BRDA:9,0,1,0
BRDA:26,1,0,0
BRDA:26,1,1,8
BRDA:33,2,0,0
BRDA:33,2,1,0
BRDA:40,3,0,10
BRDA:40,3,1,1
BRDA:40,3,2,0
BRDA:40,3,3,0
BRDA:40,3,4,0
BRDA:76,4,0,1
BRDA:76,4,1,0
BRDA:77,5,0,0
BRDA:77,5,1,1
BRDA:77,6,0,1
BRDA:77,6,1,0
BRDA:93,7,0,3
BRDA:93,7,1,0
BRDA:99,8,0,1
BRDA:99,8,1,0
BRF:21
BRH:9
end_of_record
TN:
SF:C:\Users\shayn\Desktop\Resume\Projects\vector-image-draw\src\models\Ellipse.js
FN:5,(anonymous_0)
FN:10,(anonymous_1)
FN:14,(anonymous_2)
FN:22,(anonymous_3)
FNF:4
FNH:4
FNDA:4,(anonymous_0)
FNDA:2,(anonymous_1)
FNDA:3,(anonymous_2)
FNDA:2,(anonymous_3)
DA:6,4
DA:7,4
DA:11,2
DA:15,3
DA:19,3
DA:20,3
DA:23,2
DA:24,2
DA:25,2
DA:26,2
DA:28,2
LF:11
LH:11
BRF:0
BRH:0
end_of_record
TN:
SF:C:\Users\shayn\Desktop\Resume\Projects\vector-image-draw\src\models\Line.js
FN:5,(anonymous_0)
FN:16,(anonymous_1)
FN:24,(anonymous_2)
FN:28,(anonymous_3)
FN:35,(anonymous_4)
FNF:5
FNH:5
FNDA:4,(anonymous_0)
FNDA:1,(anonymous_1)
FNDA:2,(anonymous_2)
FNDA:3,(anonymous_3)
FNDA:2,(anonymous_4)
DA:6,4
DA:7,4
DA:17,1
DA:25,2
DA:29,3
DA:30,3
DA:31,3
DA:32,3
DA:36,2
LF:9
LH:9
BRF:0
BRH:0
end_of_record
TN:
SF:C:\Users\shayn\Desktop\Resume\Projects\vector-image-draw\src\models\Polygon.js
FN:5,(anonymous_0)
FN:10,(anonymous_1)
FN:14,(anonymous_2)
FN:15,(anonymous_3)
FN:21,(anonymous_4)
FN:22,(anonymous_5)
FN:23,(anonymous_6)
FNF:7
FNH:7
FNDA:3,(anonymous_0)
FNDA:2,(anonymous_1)
FNDA:2,(anonymous_2)
FNDA:6,(anonymous_3)
FNDA:2,(anonymous_4)
FNDA:6,(anonymous_5)
FNDA:6,(anonymous_6)
DA:6,3
DA:7,3
DA:11,2
DA:15,2
DA:16,6
DA:17,6
DA:22,6
DA:23,6
DA:25,2
DA:26,2
DA:27,2
DA:28,2
DA:30,2
LF:13
LH:13
BRF:0
BRH:0
end_of_record
TN:
SF:C:\Users\shayn\Desktop\Resume\Projects\vector-image-draw\src\models\Rectangle.js
FN:4,(anonymous_0)
FN:17,(anonymous_1)
FN:22,(anonymous_2)
FN:43,(anonymous_3)
FN:49,(anonymous_4)
FNF:5
FNH:5
FNDA:22,(anonymous_0)
FNDA:3,(anonymous_1)
FNDA:1,(anonymous_2)
FNDA:9,(anonymous_3)
FNDA:1,(anonymous_4)
DA:5,22
DA:6,22
DA:7,0
DA:9,22
DA:10,0
DA:12,22
DA:13,0
DA:15,22
DA:18,3
DA:19,3
DA:24,1
DA:25,1
DA:28,1
DA:29,1
DA:31,1
DA:38,1
DA:44,9
DA:50,1
LF:18
LH:15
BRDA:6,0,0,0
BRDA:6,0,1,22
BRDA:9,1,0,0
BRDA:9,1,1,22
BRDA:12,2,0,0
BRDA:12,2,1,22
BRDA:44,3,0,9
BRDA:44,3,1,8
BRDA:44,3,2,5
BRDA:44,3,3,5
BRF:10
BRH:7
end_of_record
TN:
SF:C:\Users\shayn\Desktop\Resume\Projects\vector-image-draw\src\models\ShapeObject.js
FN:7,(anonymous_0)
FN:12,(anonymous_1)
FN:15,(anonymous_2)
FN:19,(anonymous_3)
FNF:4
FNH:2
FNDA:33,(anonymous_0)
FNDA:3,(anonymous_1)
FNDA:0,(anonymous_2)
FNDA:0,(anonymous_3)
DA:9,33
DA:10,33
DA:16,0
DA:20,0
LF:4
LH:2
BRF:0
BRH:0
end_of_record
TN:
SF:C:\Users\shayn\Desktop\Resume\Projects\vector-image-draw\src\models\UIState.js
FN:2,(anonymous_0)
FNF:1
FNH:0
FNDA:0,(anonymous_0)
DA:3,0
DA:4,0
DA:5,0
DA:6,0
DA:7,0
LF:5
LH:0
BRF:0
BRH:0
end_of_record
TN:
SF:C:\Users\shayn\Desktop\Resume\Projects\vector-image-draw\src\models\Commands\ClearCanvasCommand.js
FN:7,(anonymous_0)
FN:13,(anonymous_1)
FN:25,(anonymous_2)
FN:28,(anonymous_3)
FNF:4
FNH:0
FNDA:0,(anonymous_0)
FNDA:0,(anonymous_1)
FNDA:0,(anonymous_2)
FNDA:0,(anonymous_3)
DA:8,0
DA:9,0
DA:10,0
DA:11,0
DA:14,0
DA:15,0
DA:16,0
DA:17,0
DA:18,0
DA:19,0
DA:22,0
DA:26,0
DA:29,0
LF:13
LH:0
BRDA:14,0,0,0
BRDA:14,0,1,0
BRF:2
BRH:0
end_of_record
TN:
SF:C:\Users\shayn\Desktop\Resume\Projects\vector-image-draw\src\models\Commands\CreateShapeCommand.js
FN:8,(anonymous_0)
FN:15,(anonymous_1)
FN:28,(anonymous_2)
FN:31,(anonymous_3)
FNF:4
FNH:4
FNDA:5,(anonymous_0)
FNDA:6,(anonymous_1)
FNDA:1,(anonymous_2)
FNDA:3,(anonymous_3)
DA:9,5
DA:10,5
DA:11,5
DA:12,5
DA:13,5
DA:16,6
DA:17,5
DA:18,5
DA:19,5
DA:20,5
DA:22,5
DA:25,1
DA:29,1
DA:32,3
LF:14
LH:14
BRDA:16,0,0,5
BRDA:16,0,1,1
BRF:2
BRH:2
end_of_record
TN:
SF:C:\Users\shayn\Desktop\Resume\Projects\vector-image-draw\src\models\Commands\DeleteShapeCommand.js
FN:8,(anonymous_0)
FN:15,(anonymous_1)
FN:27,(anonymous_2)
FN:30,(anonymous_3)
FNF:4
FNH:0
FNDA:0,(anonymous_0)
FNDA:0,(anonymous_1)
FNDA:0,(anonymous_2)
FNDA:0,(anonymous_3)
DA:9,0
DA:10,0
DA:11,0
DA:12,0
DA:13,0
DA:16,0
DA:17,0
DA:18,0
DA:19,0
DA:20,0
DA:21,0
DA:24,0
DA:28,0
DA:31,0
LF:14
LH:0
BRDA:16,0,0,0
BRDA:16,0,1,0
BRF:2
BRH:0
end_of_record
TN:
SF:C:\Users\shayn\Desktop\Resume\Projects\vector-image-draw\src\pages\Index.vue
FN:25,mounted
FN:26,(anonymous_2)
FN:35,data
FN:39,handleShapeComplete
FNF:4
FNH:0
FNDA:0,mounted
FNDA:0,(anonymous_2)
FNDA:0,data
FNDA:0,handleShapeComplete
DA:14,0
DA:15,0
DA:16,0
DA:17,0
DA:26,0
DA:27,0
DA:28,0
DA:30,0
DA:31,0
DA:36,0
DA:41,0
DA:42,0
LF:12
LH:0
BRDA:27,0,0,0
BRDA:27,0,1,0
BRDA:27,1,0,0
BRDA:27,1,1,0
BRDA:30,2,0,0
BRDA:30,2,1,0
BRDA:30,3,0,0
BRDA:30,3,1,0
BRF:8
BRH:0
end_of_record
TN:
SF:C:\Users\shayn\Desktop\Resume\Projects\vector-image-draw\src\router\index.js
FN:17,(anonymous_0)
FN:19,(anonymous_1)
FNF:2
FNH:0
FNDA:0,(anonymous_0)
FNDA:0,(anonymous_1)
DA:6,0
DA:18,0
DA:19,0
DA:29,0
LF:4
LH:0
BRF:0
BRH:0
end_of_record
TN:
SF:C:\Users\shayn\Desktop\Resume\Projects\vector-image-draw\src\router\routes.js
FN:5,(anonymous_0)
FN:7,(anonymous_1)
FN:16,(anonymous_2)
FNF:3
FNH:0
FNDA:0,(anonymous_0)
FNDA:0,(anonymous_1)
FNDA:0,(anonymous_2)
DA:2,0
DA:5,0
DA:7,0
DA:13,0
DA:14,0
DA:16,0
LF:6
LH:0
BRDA:13,0,0,0
BRDA:13,0,1,0
BRF:2
BRH:0
end_of_record
TN:
SF:C:\Users\shayn\Desktop\Resume\Projects\vector-image-draw\src\state\state.js
FNF:0
FNH:0
DA:6,0
DA:11,0
LF:2
LH:0
BRF:0
BRH:0
end_of_record
