TN:
SF:C:\Users\shayn\Desktop\Resume\Projects\vector-image-draw\src\components\AppColorPicker.vue
FN:30,data
FN:36,styleColorInput
FNF:2
FNH:0
FNDA:0,data
FNDA:0,styleColorInput
DA:21,0
DA:23,0
DA:31,0
DA:37,0
LF:4
LH:0
BRF:0
BRH:0
end_of_record
TN:
SF:C:\Users\shayn\Desktop\Resume\Projects\vector-image-draw\src\components\CanvasDimensionsInput.vue
FN:20,data
FNF:1
FNH:0
FNDA:0,data
DA:16,0
DA:21,0
LF:2
LH:0
BRF:0
BRH:0
end_of_record
TN:
SF:C:\Users\shayn\Desktop\Resume\Projects\vector-image-draw\src\components\ColorPicker.vue
FN:20,data
FN:32,selectedColor
FN:37,styleColorInput
FNF:3
FNH:0
FNDA:0,data
FNDA:0,selectedColor
FNDA:0,styleColorInput
DA:21,0
DA:33,0
DA:38,0
LF:3
LH:0
BRF:0
BRH:0
end_of_record
TN:
SF:C:\Users\shayn\Desktop\Resume\Projects\vector-image-draw\src\components\EditorController.vue
FN:50,mounted
FN:51,(anonymous_2)
FN:60,data
FN:68,handleShapeComplete
FN:72,handleListItemClick
FN:75,handleDeleteClicked
FN:79,handleVisibilityClicked
FN:82,handleLockClicked
FN:85,checkForHoveredShape
FN:88,(anonymous_10)
FNF:10
FNH:0
FNDA:0,mounted
FNDA:0,(anonymous_2)
FNDA:0,data
FNDA:0,handleShapeComplete
FNDA:0,handleListItemClick
FNDA:0,handleDeleteClicked
FNDA:0,handleVisibilityClicked
FNDA:0,handleLockClicked
FNDA:0,checkForHoveredShape
FNDA:0,(anonymous_10)
DA:31,0
DA:33,0
DA:35,0
DA:36,0
DA:37,0
DA:39,0
DA:40,0
DA:50,0
DA:51,0
DA:52,0
DA:53,0
DA:55,0
DA:56,0
DA:61,0
DA:69,0
DA:70,0
DA:73,0
DA:76,0
DA:77,0
DA:80,0
DA:83,0
DA:88,0
DA:89,0
DA:94,0
DA:95,0
LF:25
LH:0
BRDA:52,0,0,0
BRDA:52,0,1,0
BRDA:52,1,0,0
BRDA:52,1,1,0
BRDA:55,2,0,0
BRDA:55,2,1,0
BRDA:55,3,0,0
BRDA:55,3,1,0
BRF:8
BRH:0
end_of_record
TN:
SF:C:\Users\shayn\Desktop\Resume\Projects\vector-image-draw\src\components\ShapeAttributesSidebar.vue
FN:133,styleColorInput
FN:139,fillColorChanged
FN:142,borderColorChanged
FN:145,handleXPositionChange
FN:148,handleYPositionChange
FN:151,handleWidthChange
FN:154,handleHeightChange
FNF:7
FNH:0
FNDA:0,styleColorInput
FNDA:0,fillColorChanged
FNDA:0,borderColorChanged
FNDA:0,handleXPositionChange
FNDA:0,handleYPositionChange
FNDA:0,handleWidthChange
FNDA:0,handleHeightChange
DA:103,0
DA:134,0
DA:140,0
DA:143,0
DA:146,0
DA:149,0
DA:152,0
DA:155,0
LF:8
LH:0
BRF:0
BRH:0
end_of_record
TN:
SF:C:\Users\shayn\Desktop\Resume\Projects\vector-image-draw\src\components\ShapeList.vue
FN:63,_default
FN:69,isSelected
FN:72,handleItemClicked
FN:75,handleDeleteClicked
FN:78,handleVisibilityClicked
FN:81,handleLockClicked
FNF:6
FNH:0
FNDA:0,_default
FNDA:0,isSelected
FNDA:0,handleItemClicked
FNDA:0,handleDeleteClicked
FNDA:0,handleVisibilityClicked
FNDA:0,handleLockClicked
DA:50,0
DA:51,0
DA:52,0
DA:64,0
DA:70,0
DA:73,0
DA:76,0
DA:79,0
DA:82,0
LF:9
LH:0
BRF:0
BRH:0
end_of_record
TN:
SF:C:\Users\shayn\Desktop\Resume\Projects\vector-image-draw\src\components\ToolsButtonGroup.vue
FN:44,data
FNF:1
FNH:0
FNDA:0,data
DA:40,0
DA:45,0
LF:2
LH:0
BRF:0
BRH:0
end_of_record
TN:
SF:C:\Users\shayn\Desktop\Resume\Projects\vector-image-draw\src\components\konva\MainLayer.vue
FN:79,_default
FN:91,selectedShape
FN:94,(anonymous_3)
FN:99,data
FN:111,GetConfig
FN:145,(anonymous_6)
FN:157,handleTransformEnd
FN:160,(anonymous_8)
FN:177,handleStageMouseDown
FN:200,(anonymous_10)
FN:213,updateTransformer
FN:218,(anonymous_12)
FNF:12
FNH:0
FNDA:0,_default
FNDA:0,selectedShape
FNDA:0,(anonymous_3)
FNDA:0,data
FNDA:0,GetConfig
FNDA:0,(anonymous_6)
FNDA:0,handleTransformEnd
FNDA:0,(anonymous_8)
FNDA:0,handleStageMouseDown
FNDA:0,(anonymous_10)
FNDA:0,updateTransformer
FNDA:0,(anonymous_12)
DA:70,0
DA:80,0
DA:91,0
DA:93,0
DA:94,0
DA:95,0
DA:100,0
DA:113,0
DA:114,0
DA:115,0
DA:116,0
DA:117,0
DA:119,0
DA:120,0
DA:121,0
DA:122,0
DA:123,0
DA:124,0
DA:125,0
DA:126,0
DA:127,0
DA:131,0
DA:132,0
DA:136,0
DA:137,0
DA:138,0
DA:139,0
DA:140,0
DA:143,0
DA:144,0
DA:145,0
DA:147,0
DA:151,0
DA:152,0
DA:155,0
DA:157,0
DA:160,0
DA:163,0
DA:164,0
DA:165,0
DA:166,0
DA:167,0
DA:168,0
DA:169,0
DA:171,0
DA:172,0
DA:173,0
DA:174,0
DA:175,0
DA:179,0
DA:180,0
DA:181,0
DA:182,0
DA:183,0
DA:187,0
DA:189,0
DA:190,0
DA:193,0
DA:196,0
DA:197,0
DA:200,0
DA:201,0
DA:204,0
DA:205,0
DA:207,0
DA:209,0
DA:211,0
DA:213,0
DA:215,0
DA:216,0
DA:218,0
DA:219,0
DA:227,0
DA:228,0
DA:230,0
DA:232,0
DA:235,0
DA:237,0
LF:78
LH:0
BRDA:115,0,0,0
BRDA:115,0,1,0
BRDA:126,1,0,0
BRDA:126,1,1,0
BRDA:126,2,0,0
BRDA:126,2,1,0
BRDA:126,2,2,0
BRDA:131,3,0,0
BRDA:131,3,1,0
BRDA:136,4,0,0
BRDA:136,4,1,0
BRDA:143,5,0,0
BRDA:143,5,1,0
BRDA:167,6,0,0
BRDA:167,6,1,0
BRDA:179,7,0,0
BRDA:179,7,1,0
BRDA:189,8,0,0
BRDA:189,8,1,0
BRDA:196,9,0,0
BRDA:196,9,1,0
BRDA:201,10,0,0
BRDA:201,10,1,0
BRDA:204,11,0,0
BRDA:204,11,1,0
BRDA:219,12,0,0
BRDA:219,12,1,0
BRDA:219,12,2,0
BRDA:227,13,0,0
BRDA:227,13,1,0
BRDA:230,14,0,0
BRDA:230,14,1,0
BRF:32
BRH:0
end_of_record
TN:
SF:C:\Users\shayn\Desktop\Resume\Projects\vector-image-draw\src\components\svg\SVGBoundingBox.vue
FN:36,GetBoundingBox
FNF:1
FNH:0
FNDA:0,GetBoundingBox
DA:37,0
LF:1
LH:0
BRF:0
BRH:0
end_of_record
TN:
SF:C:\Users\shayn\Desktop\Resume\Projects\vector-image-draw\src\components\svg\SVGCanvas.vue
FN:27,_default
FNF:1
FNH:1
FNDA:1,_default
DA:14,1
DA:28,1
LF:2
LH:2
BRF:0
BRH:0
end_of_record
TN:
SF:C:\Users\shayn\Desktop\Resume\Projects\vector-image-draw\src\components\svg\SVGDynamicShape.vue
FN:77,PointsArrToString
FN:78,(anonymous_2)
FNF:2
FNH:0
FNDA:0,PointsArrToString
FNDA:0,(anonymous_2)
DA:78,0
DA:80,0
LF:2
LH:0
BRF:0
BRH:0
end_of_record
TN:
SF:C:\Users\shayn\Desktop\Resume\Projects\vector-image-draw\src\components\tools\EllipseTool.vue
FN:21,data
FN:28,createStartingEllipse
FN:45,handlePan
FNF:3
FNH:0
FNDA:0,data
FNDA:0,createStartingEllipse
FNDA:0,handlePan
DA:12,0
DA:13,0
DA:22,0
DA:29,0
DA:46,0
DA:48,0
DA:49,0
DA:50,0
DA:53,0
DA:54,0
DA:58,0
DA:60,0
DA:64,0
DA:66,0
DA:67,0
DA:68,0
LF:16
LH:0
BRDA:48,0,0,0
BRDA:48,0,1,0
BRDA:64,1,0,0
BRDA:64,1,1,0
BRF:4
BRH:0
end_of_record
TN:
SF:C:\Users\shayn\Desktop\Resume\Projects\vector-image-draw\src\components\tools\LineTool.vue
FN:17,data
FN:23,createStartingLine
FN:39,handlePan
FNF:3
FNH:0
FNDA:0,data
FNDA:0,createStartingLine
FNDA:0,handlePan
DA:8,0
DA:9,0
DA:18,0
DA:24,0
DA:36,0
DA:40,0
DA:42,0
DA:43,0
DA:46,0
DA:47,0
DA:50,0
DA:51,0
DA:53,0
DA:54,0
DA:55,0
LF:15
LH:0
BRDA:42,0,0,0
BRDA:42,0,1,0
BRDA:53,1,0,0
BRDA:53,1,1,0
BRF:4
BRH:0
end_of_record
TN:
SF:C:\Users\shayn\Desktop\Resume\Projects\vector-image-draw\src\components\tools\PolygonTool.vue
FN:35,data
FN:41,createStartingPolygon
FN:53,convertPointsToLines
FN:69,IsPolygonInProgress
FN:75,GetLastPoint
FN:78,handlePan
FNF:6
FNH:0
FNDA:0,data
FNDA:0,createStartingPolygon
FNDA:0,convertPointsToLines
FNDA:0,IsPolygonInProgress
FNDA:0,GetLastPoint
FNDA:0,handlePan
DA:30,0
DA:36,0
DA:42,0
DA:50,0
DA:54,0
DA:55,0
DA:58,0
DA:59,0
DA:62,0
DA:67,0
DA:70,0
DA:76,0
DA:79,0
DA:81,0
DA:88,0
DA:89,0
DA:90,0
DA:92,0
DA:95,0
DA:96,0
DA:98,0
DA:101,0
DA:102,0
DA:107,0
DA:108,0
DA:110,0
DA:111,0
LF:27
LH:0
BRDA:58,0,0,0
BRDA:58,0,1,0
BRDA:70,1,0,0
BRDA:70,1,1,0
BRDA:81,2,0,0
BRDA:81,2,1,0
BRDA:88,3,0,0
BRDA:88,3,1,0
BRDA:98,4,0,0
BRDA:98,4,1,0
BRDA:102,5,0,0
BRDA:102,5,1,0
BRDA:102,6,0,0
BRDA:102,6,1,0
BRF:14
BRH:0
end_of_record
TN:
SF:C:\Users\shayn\Desktop\Resume\Projects\vector-image-draw\src\components\tools\RectangleTool.vue
FN:21,data
FN:28,createStartingRectangle
FN:43,handlePan
FNF:3
FNH:0
FNDA:0,data
FNDA:0,createStartingRectangle
FNDA:0,handlePan
DA:12,0
DA:13,0
DA:22,0
DA:29,0
DA:44,0
DA:46,0
DA:47,0
DA:48,0
DA:51,0
DA:52,0
DA:55,0
DA:57,0
DA:60,0
DA:61,0
DA:62,0
DA:63,0
LF:16
LH:0
BRDA:46,0,0,0
BRDA:46,0,1,0
BRDA:60,1,0,0
BRDA:60,1,1,0
BRF:4
BRH:0
end_of_record
TN:
SF:C:\Users\shayn\Desktop\Resume\Projects\vector-image-draw\src\components\tools\ToolController.vue
FN:63,data
FN:67,handleShapeComplete
FNF:2
FNH:0
FNDA:0,data
FNDA:0,handleShapeComplete
DA:48,0
DA:49,0
DA:50,0
DA:51,0
DA:53,0
DA:64,0
DA:68,0
LF:7
LH:0
BRF:0
BRH:0
end_of_record
TN:
SF:C:\Users\shayn\Desktop\Resume\Projects\vector-image-draw\src\components\tools\ToolMixIn.js
FN:16,(anonymous_0)
FNF:1
FNH:0
FNDA:0,(anonymous_0)
DA:3,0
DA:19,0
DA:20,0
DA:22,0
DA:23,0
DA:26,0
DA:27,0
DA:33,0
LF:8
LH:0
BRDA:19,0,0,0
BRDA:19,0,1,0
BRDA:26,1,0,0
BRDA:26,1,1,0
BRF:4
BRH:0
end_of_record
TN:
SF:C:\Users\shayn\Desktop\Resume\Projects\vector-image-draw\src\layouts\MainLayout.vue
FN:41,data
FN:47,removeAllShapes
FN:51,saveAsImg2
FN:52,triggerDownload
FN:72,(anonymous_5)
FN:82,saveAsImg
FN:83,triggerDownload
FN:111,(anonymous_8)
FNF:8
FNH:0
FNDA:0,data
FNDA:0,removeAllShapes
FNDA:0,saveAsImg2
FNDA:0,triggerDownload
FNDA:0,(anonymous_5)
FNDA:0,saveAsImg
FNDA:0,triggerDownload
FNDA:0,(anonymous_8)
DA:26,0
DA:27,0
DA:28,0
DA:31,0
DA:32,0
DA:42,0
DA:48,0
DA:49,0
DA:53,0
DA:59,0
DA:60,0
DA:61,0
DA:62,0
DA:64,0
DA:67,0
DA:71,0
DA:72,0
DA:73,0
DA:77,0
DA:80,0
DA:84,0
DA:90,0
DA:91,0
DA:92,0
DA:93,0
DA:95,0
DA:98,0
DA:100,0
DA:101,0
DA:102,0
DA:103,0
DA:104,0
DA:105,0
DA:107,0
DA:108,0
DA:109,0
DA:111,0
DA:112,0
DA:113,0
DA:115,0
DA:119,0
DA:122,0
LF:42
LH:0
BRDA:105,0,0,0
BRDA:105,0,1,0
BRDA:105,0,2,0
BRF:3
BRH:0
end_of_record
TN:
SF:C:\Users\shayn\Desktop\Resume\Projects\vector-image-draw\src\models\Editor.js
FN:8,(anonymous_0)
FN:30,(anonymous_1)
FN:35,(anonymous_2)
FN:39,(anonymous_3)
FN:42,(anonymous_4)
FN:63,(anonymous_5)
FN:75,(anonymous_6)
FN:81,(anonymous_7)
FN:94,(anonymous_8)
FN:107,(anonymous_9)
FN:110,(anonymous_10)
FN:113,(anonymous_11)
FN:119,(anonymous_12)
FN:125,(anonymous_13)
FN:131,(anonymous_14)
FNF:15
FNH:10
FNDA:8,(anonymous_0)
FNDA:0,(anonymous_1)
FNDA:0,(anonymous_2)
FNDA:0,(anonymous_3)
FNDA:11,(anonymous_4)
FNDA:11,(anonymous_5)
FNDA:5,(anonymous_6)
FNDA:1,(anonymous_7)
FNDA:1,(anonymous_8)
FNDA:1,(anonymous_9)
FNDA:0,(anonymous_10)
FNDA:0,(anonymous_11)
FNDA:3,(anonymous_12)
FNDA:1,(anonymous_13)
FNDA:1,(anonymous_14)
DA:9,8
DA:10,8
DA:12,8
DA:14,8
DA:15,8
DA:16,8
DA:17,8
DA:20,8
DA:21,8
DA:22,8
DA:23,8
DA:26,8
DA:27,8
DA:29,8
DA:30,0
DA:31,0
DA:36,0
DA:37,0
DA:39,0
DA:43,11
DA:45,10
DA:48,1
DA:51,0
DA:54,0
DA:57,0
DA:58,0
DA:64,11
DA:65,11
DA:66,11
DA:67,11
DA:68,11
DA:71,11
DA:72,11
DA:76,5
DA:77,5
DA:78,5
DA:82,1
DA:83,1
DA:84,1
DA:85,1
DA:87,1
DA:88,1
DA:89,1
DA:104,1
DA:105,1
DA:107,1
DA:109,1
DA:110,0
DA:112,1
DA:113,0
DA:115,1
DA:120,3
DA:121,3
DA:122,3
DA:126,1
DA:127,1
DA:128,1
DA:132,1
DA:133,1
LF:59
LH:48
BRDA:9,0,0,8
BRDA:9,0,1,0
BRDA:29,1,0,0
BRDA:29,1,1,8
BRDA:36,2,0,0
BRDA:36,2,1,0
BRDA:43,3,0,10
BRDA:43,3,1,1
BRDA:43,3,2,0
BRDA:43,3,3,0
BRDA:43,3,4,0
BRDA:83,4,0,1
BRDA:83,4,1,0
BRDA:84,5,0,1
BRDA:84,5,1,0
BRDA:84,6,0,1
BRDA:84,6,1,1
BRDA:104,7,0,1
BRDA:104,7,1,0
BRDA:109,8,0,0
BRDA:109,8,1,1
BRDA:112,9,0,0
BRDA:112,9,1,1
BRDA:120,10,0,3
BRDA:120,10,1,0
BRDA:126,11,0,1
BRDA:126,11,1,0
BRF:27
BRH:13
end_of_record
TN:
SF:C:\Users\shayn\Desktop\Resume\Projects\vector-image-draw\src\models\Commands\ClearCanvasCommand.js
FN:7,(anonymous_0)
FN:13,(anonymous_1)
FN:25,(anonymous_2)
FN:28,(anonymous_3)
FNF:4
FNH:0
FNDA:0,(anonymous_0)
FNDA:0,(anonymous_1)
FNDA:0,(anonymous_2)
FNDA:0,(anonymous_3)
DA:8,0
DA:9,0
DA:10,0
DA:11,0
DA:14,0
DA:15,0
DA:16,0
DA:17,0
DA:18,0
DA:19,0
DA:22,0
DA:26,0
DA:29,0
LF:13
LH:0
BRDA:14,0,0,0
BRDA:14,0,1,0
BRF:2
BRH:0
end_of_record
TN:
SF:C:\Users\shayn\Desktop\Resume\Projects\vector-image-draw\src\models\Commands\CreateShapeCommand.js
FN:8,(anonymous_0)
FN:15,(anonymous_1)
FN:29,(anonymous_2)
FN:32,(anonymous_3)
FNF:4
FNH:4
FNDA:5,(anonymous_0)
FNDA:6,(anonymous_1)
FNDA:1,(anonymous_2)
FNDA:3,(anonymous_3)
DA:9,5
DA:10,5
DA:11,5
DA:12,5
DA:13,5
DA:17,6
DA:18,5
DA:19,5
DA:20,5
DA:21,5
DA:23,5
DA:26,1
DA:30,1
DA:33,3
DA:34,3
LF:15
LH:15
BRDA:17,0,0,5
BRDA:17,0,1,1
BRF:2
BRH:2
end_of_record
TN:
SF:C:\Users\shayn\Desktop\Resume\Projects\vector-image-draw\src\models\Commands\DeleteShapeCommand.js
FN:8,(anonymous_0)
FN:15,(anonymous_1)
FN:27,(anonymous_2)
FN:30,(anonymous_3)
FNF:4
FNH:0
FNDA:0,(anonymous_0)
FNDA:0,(anonymous_1)
FNDA:0,(anonymous_2)
FNDA:0,(anonymous_3)
DA:9,0
DA:10,0
DA:11,0
DA:12,0
DA:13,0
DA:16,0
DA:17,0
DA:18,0
DA:19,0
DA:20,0
DA:21,0
DA:24,0
DA:28,0
DA:31,0
LF:14
LH:0
BRDA:16,0,0,0
BRDA:16,0,1,0
BRF:2
BRH:0
end_of_record
TN:
SF:C:\Users\shayn\Desktop\Resume\Projects\vector-image-draw\src\models\Commands\TranslateShapeCommand.js
FN:7,(anonymous_0)
FN:13,(anonymous_1)
FN:18,(anonymous_2)
FN:21,(anonymous_3)
FNF:4
FNH:0
FNDA:0,(anonymous_0)
FNDA:0,(anonymous_1)
FNDA:0,(anonymous_2)
FNDA:0,(anonymous_3)
DA:8,0
DA:9,0
DA:10,0
DA:11,0
DA:14,0
DA:15,0
DA:16,0
DA:19,0
DA:22,0
LF:9
LH:0
BRF:0
BRH:0
end_of_record
TN:
SF:C:\Users\shayn\Desktop\Resume\Projects\vector-image-draw\src\models\Shapes\Ellipse.js
FN:5,(anonymous_0)
FN:10,(anonymous_1)
FN:22,(anonymous_2)
FN:30,(anonymous_3)
FN:44,(anonymous_4)
FNF:5
FNH:3
FNDA:4,(anonymous_0)
FNDA:2,(anonymous_1)
FNDA:3,(anonymous_2)
FNDA:0,(anonymous_3)
FNDA:0,(anonymous_4)
DA:6,4
DA:7,4
DA:16,2
DA:18,2
DA:23,3
DA:27,3
DA:28,3
DA:31,0
DA:32,0
DA:33,0
DA:34,0
DA:36,0
DA:45,0
DA:46,0
LF:14
LH:7
BRF:0
BRH:0
end_of_record
TN:
SF:C:\Users\shayn\Desktop\Resume\Projects\vector-image-draw\src\models\Shapes\Line.js
FN:5,(anonymous_0)
FN:21,(anonymous_1)
FN:28,(anonymous_2)
FN:32,(anonymous_3)
FN:35,(anonymous_4)
FN:42,(anonymous_5)
FN:49,(anonymous_6)
FN:58,(anonymous_7)
FNF:8
FNH:5
FNDA:4,(anonymous_0)
FNDA:1,(anonymous_1)
FNDA:2,(anonymous_2)
FNDA:0,(anonymous_3)
FNDA:0,(anonymous_4)
FNDA:3,(anonymous_5)
FNDA:2,(anonymous_6)
FNDA:0,(anonymous_7)
DA:6,4
DA:7,4
DA:22,1
DA:30,2
DA:33,0
DA:36,0
DA:37,0
DA:38,0
DA:39,0
DA:43,3
DA:44,3
DA:45,3
DA:46,3
DA:50,2
DA:59,0
DA:60,0
DA:61,0
DA:62,0
LF:18
LH:9
BRF:0
BRH:0
end_of_record
TN:
SF:C:\Users\shayn\Desktop\Resume\Projects\vector-image-draw\src\models\Shapes\Polygon.js
FN:5,(anonymous_0)
FN:10,(anonymous_1)
FN:14,(anonymous_2)
FN:15,(anonymous_3)
FN:21,(anonymous_4)
FN:22,(anonymous_5)
FN:23,(anonymous_6)
FN:40,(anonymous_7)
FN:41,(anonymous_8)
FNF:9
FNH:7
FNDA:3,(anonymous_0)
FNDA:2,(anonymous_1)
FNDA:2,(anonymous_2)
FNDA:6,(anonymous_3)
FNDA:2,(anonymous_4)
FNDA:6,(anonymous_5)
FNDA:6,(anonymous_6)
FNDA:0,(anonymous_7)
FNDA:0,(anonymous_8)
DA:6,3
DA:7,3
DA:11,2
DA:15,2
DA:16,6
DA:17,6
DA:22,6
DA:23,6
DA:25,2
DA:26,2
DA:27,2
DA:28,2
DA:30,2
DA:41,0
DA:42,0
DA:43,0
LF:16
LH:13
BRF:0
BRH:0
end_of_record
TN:
SF:C:\Users\shayn\Desktop\Resume\Projects\vector-image-draw\src\models\Shapes\Rectangle.js
FN:4,(anonymous_0)
FN:17,(anonymous_1)
FN:22,(anonymous_2)
FN:42,(anonymous_3)
FN:48,(anonymous_4)
FN:55,(anonymous_5)
FNF:6
FNH:5
FNDA:20,(anonymous_0)
FNDA:3,(anonymous_1)
FNDA:1,(anonymous_2)
FNDA:7,(anonymous_3)
FNDA:1,(anonymous_4)
FNDA:0,(anonymous_5)
DA:5,20
DA:6,20
DA:7,0
DA:9,20
DA:10,0
DA:12,20
DA:13,0
DA:15,20
DA:18,3
DA:19,3
DA:24,1
DA:25,1
DA:28,1
DA:29,1
DA:31,1
DA:38,1
DA:43,7
DA:49,1
DA:56,0
DA:57,0
LF:20
LH:15
BRDA:6,0,0,0
BRDA:6,0,1,20
BRDA:9,1,0,0
BRDA:9,1,1,20
BRDA:12,2,0,0
BRDA:12,2,1,20
BRDA:43,3,0,7
BRDA:43,3,1,6
BRDA:43,3,2,4
BRDA:43,3,3,4
BRF:10
BRH:7
end_of_record
TN:
SF:C:\Users\shayn\Desktop\Resume\Projects\vector-image-draw\src\models\Shapes\ShapeObject.js
FN:7,(anonymous_0)
FN:20,(anonymous_1)
FN:23,(anonymous_2)
FN:27,(anonymous_3)
FN:31,(anonymous_4)
FN:34,(anonymous_5)
FN:40,(anonymous_6)
FN:43,(anonymous_7)
FN:46,(anonymous_8)
FN:55,(anonymous_9)
FNF:10
FNH:2
FNDA:31,(anonymous_0)
FNDA:3,(anonymous_1)
FNDA:0,(anonymous_2)
FNDA:0,(anonymous_3)
FNDA:0,(anonymous_4)
FNDA:0,(anonymous_5)
FNDA:0,(anonymous_6)
FNDA:0,(anonymous_7)
FNDA:0,(anonymous_8)
FNDA:0,(anonymous_9)
DA:9,31
DA:10,31
DA:11,31
DA:12,31
DA:13,31
DA:24,0
DA:28,0
DA:32,0
DA:35,0
DA:36,0
DA:37,0
DA:38,0
DA:41,0
DA:44,0
DA:48,0
DA:49,0
DA:50,0
DA:56,0
DA:57,0
DA:58,0
LF:20
LH:5
BRF:0
BRH:0
end_of_record
TN:
SF:C:\Users\shayn\Desktop\Resume\Projects\vector-image-draw\src\pages\Index.vue
FNF:0
FNH:0
DA:8,0
LF:1
LH:0
BRF:0
BRH:0
end_of_record
TN:
SF:C:\Users\shayn\Desktop\Resume\Projects\vector-image-draw\src\router\index.js
FN:19,(anonymous_0)
FN:21,(anonymous_1)
FNF:2
FNH:0
FNDA:0,(anonymous_0)
FNDA:0,(anonymous_1)
DA:7,0
DA:8,0
DA:20,0
DA:21,0
DA:31,0
LF:5
LH:0
BRF:0
BRH:0
end_of_record
TN:
SF:C:\Users\shayn\Desktop\Resume\Projects\vector-image-draw\src\router\routes.js
FN:5,(anonymous_0)
FN:7,(anonymous_1)
FN:16,(anonymous_2)
FNF:3
FNH:0
FNDA:0,(anonymous_0)
FNDA:0,(anonymous_1)
FNDA:0,(anonymous_2)
DA:2,0
DA:5,0
DA:7,0
DA:13,0
DA:14,0
DA:16,0
LF:6
LH:0
BRDA:13,0,0,0
BRDA:13,0,1,0
BRF:2
BRH:0
end_of_record
TN:
SF:C:\Users\shayn\Desktop\Resume\Projects\vector-image-draw\src\state\state.js
FNF:0
FNH:0
DA:4,0
DA:7,0
LF:2
LH:0
BRF:0
BRH:0
end_of_record
